[0.157s] Invoking command in '/home/addinedu/dev_ws/ros/build/my_first_package_msgs': DEBUGINFOD_URLS=https://debuginfod.ubuntu.com /usr/bin/cmake /home/addinedu/dev_ws/ros/src/my_first_package_msgs -DCMAKE_INSTALL_PREFIX=/home/addinedu/dev_ws/ros/install/my_first_package_msgs
[0.198s] -- The C compiler identification is GNU 13.3.0
[0.241s] -- The CXX compiler identification is GNU 13.3.0
[0.253s] -- Detecting C compiler ABI info
[0.315s] -- Detecting C compiler ABI info - done
[0.324s] -- Check for working C compiler: /usr/bin/cc - skipped
[0.324s] -- Detecting C compile features
[0.325s] -- Detecting C compile features - done
[0.332s] -- Detecting CXX compiler ABI info
[0.408s] -- Detecting CXX compiler ABI info - done
[0.417s] -- Check for working CXX compiler: /usr/bin/c++ - skipped
[0.417s] -- Detecting CXX compile features
[0.418s] -- Detecting CXX compile features - done
[0.425s] [31mCMake Error at CMakeLists.txt:9 (find_package):
[0.425s]   By not providing "Findament_cmake.cmake" in CMAKE_MODULE_PATH this project
[0.425s]   has asked CMake to find a package configuration file provided by
[0.425s]   "ament_cmake", but CMake did not find one.
[0.425s] 
[0.426s]   Could not find a package configuration file provided by "ament_cmake" with
[0.426s]   any of the following names:
[0.426s] 
[0.426s]     ament_cmakeConfig.cmake
[0.426s]     ament_cmake-config.cmake
[0.426s] 
[0.426s]   Add the installation prefix of "ament_cmake" to CMAKE_PREFIX_PATH or set
[0.426s]   "ament_cmake_DIR" to a directory containing one of the above files.  If
[0.426s]   "ament_cmake" provides a separate development package or SDK, be sure it
[0.426s]   has been installed.
[0.426s] 
[0.426s] [0m
[0.426s] -- Configuring incomplete, errors occurred!
[0.428s] Invoked command in '/home/addinedu/dev_ws/ros/build/my_first_package_msgs' returned '1': DEBUGINFOD_URLS=https://debuginfod.ubuntu.com /usr/bin/cmake /home/addinedu/dev_ws/ros/src/my_first_package_msgs -DCMAKE_INSTALL_PREFIX=/home/addinedu/dev_ws/ros/install/my_first_package_msgs
