[0.089s] DEBUG:colcon:Command line arguments: ['/usr/bin/colcon', 'build']
[0.089s] DEBUG:colcon:Parsed command line arguments: Namespace(log_base=None, log_level=None, verb_name='build', build_base='build', install_base='install', merge_install=False, symlink_install=False, test_result_base=None, continue_on_error=False, executor='parallel', parallel_workers=12, event_handlers=None, ignore_user_meta=False, metas=['./colcon.meta'], base_paths=['.'], packages_ignore=None, packages_ignore_regex=None, paths=None, packages_up_to=None, packages_up_to_regex=None, packages_above=None, packages_above_and_dependencies=None, packages_above_depth=None, packages_select_by_dep=None, packages_skip_by_dep=None, packages_skip_up_to=None, packages_select_build_failed=False, packages_skip_build_finished=False, packages_select_test_failures=False, packages_skip_test_passed=False, packages_select=None, packages_skip=None, packages_select_regex=None, packages_skip_regex=None, packages_start=None, packages_end=None, allow_overriding=[], cmake_args=None, cmake_target=None, cmake_target_skip_unavailable=False, cmake_clean_cache=False, cmake_clean_first=False, cmake_force_configure=False, ament_cmake_args=None, catkin_cmake_args=None, catkin_skip_building_tests=False, mixin_files=None, mixin=None, verb_parser=<colcon_mixin.mixin.mixin_argument.MixinArgumentDecorator object at 0x73ddb8b96840>, verb_extension=<colcon_core.verb.build.BuildVerb object at 0x73ddb8b96510>, main=<bound method BuildVerb.main of <colcon_core.verb.build.BuildVerb object at 0x73ddb8b96510>>, mixin_verb=('build',))
[0.119s] Level 1:colcon.colcon_core.package_discovery:discover_packages(colcon_meta) check parameters
[0.119s] Level 1:colcon.colcon_core.package_discovery:discover_packages(recursive) check parameters
[0.119s] Level 1:colcon.colcon_core.package_discovery:discover_packages(ignore) check parameters
[0.119s] Level 1:colcon.colcon_core.package_discovery:discover_packages(path) check parameters
[0.119s] Level 1:colcon.colcon_core.package_discovery:discover_packages(colcon_meta) discover
[0.119s] Level 1:colcon.colcon_core.package_discovery:discover_packages(recursive) discover
[0.119s] INFO:colcon.colcon_core.package_discovery:Crawling recursively for packages in '/home/addinedu/dev_ws/ros'
[0.119s] Level 1:colcon.colcon_core.package_identification:_identify(.) by extensions ['ignore', 'ignore_ament_install']
[0.119s] Level 1:colcon.colcon_core.package_identification:_identify(.) by extension 'ignore'
[0.119s] Level 1:colcon.colcon_core.package_identification:_identify(.) by extension 'ignore_ament_install'
[0.119s] Level 1:colcon.colcon_core.package_identification:_identify(.) by extensions ['colcon_pkg']
[0.119s] Level 1:colcon.colcon_core.package_identification:_identify(.) by extension 'colcon_pkg'
[0.119s] Level 1:colcon.colcon_core.package_identification:_identify(.) by extensions ['colcon_meta']
[0.119s] Level 1:colcon.colcon_core.package_identification:_identify(.) by extension 'colcon_meta'
[0.119s] Level 1:colcon.colcon_core.package_identification:_identify(.) by extensions ['ros']
[0.119s] Level 1:colcon.colcon_core.package_identification:_identify(.) by extension 'ros'
[0.138s] Level 1:colcon.colcon_core.package_identification:_identify(.) by extensions ['cmake', 'python']
[0.138s] Level 1:colcon.colcon_core.package_identification:_identify(.) by extension 'cmake'
[0.138s] Level 1:colcon.colcon_core.package_identification:_identify(.) by extension 'python'
[0.139s] Level 1:colcon.colcon_core.package_identification:_identify(.) by extensions ['python_setup_py']
[0.139s] Level 1:colcon.colcon_core.package_identification:_identify(.) by extension 'python_setup_py'
[0.139s] Level 1:colcon.colcon_core.package_identification:_identify(build) by extensions ['ignore', 'ignore_ament_install']
[0.139s] Level 1:colcon.colcon_core.package_identification:_identify(build) by extension 'ignore'
[0.139s] Level 1:colcon.colcon_core.package_identification:_identify(build) ignored
[0.139s] Level 1:colcon.colcon_core.package_identification:_identify(install) by extensions ['ignore', 'ignore_ament_install']
[0.139s] Level 1:colcon.colcon_core.package_identification:_identify(install) by extension 'ignore'
[0.139s] Level 1:colcon.colcon_core.package_identification:_identify(install) ignored
[0.139s] Level 1:colcon.colcon_core.package_identification:_identify(log) by extensions ['ignore', 'ignore_ament_install']
[0.139s] Level 1:colcon.colcon_core.package_identification:_identify(log) by extension 'ignore'
[0.139s] Level 1:colcon.colcon_core.package_identification:_identify(log) ignored
[0.139s] Level 1:colcon.colcon_core.package_identification:_identify(src) by extensions ['ignore', 'ignore_ament_install']
[0.139s] Level 1:colcon.colcon_core.package_identification:_identify(src) by extension 'ignore'
[0.139s] Level 1:colcon.colcon_core.package_identification:_identify(src) by extension 'ignore_ament_install'
[0.139s] Level 1:colcon.colcon_core.package_identification:_identify(src) by extensions ['colcon_pkg']
[0.139s] Level 1:colcon.colcon_core.package_identification:_identify(src) by extension 'colcon_pkg'
[0.139s] Level 1:colcon.colcon_core.package_identification:_identify(src) by extensions ['colcon_meta']
[0.139s] Level 1:colcon.colcon_core.package_identification:_identify(src) by extension 'colcon_meta'
[0.140s] Level 1:colcon.colcon_core.package_identification:_identify(src) by extensions ['ros']
[0.140s] Level 1:colcon.colcon_core.package_identification:_identify(src) by extension 'ros'
[0.140s] Level 1:colcon.colcon_core.package_identification:_identify(src) by extensions ['cmake', 'python']
[0.140s] Level 1:colcon.colcon_core.package_identification:_identify(src) by extension 'cmake'
[0.140s] Level 1:colcon.colcon_core.package_identification:_identify(src) by extension 'python'
[0.140s] Level 1:colcon.colcon_core.package_identification:_identify(src) by extensions ['python_setup_py']
[0.140s] Level 1:colcon.colcon_core.package_identification:_identify(src) by extension 'python_setup_py'
[0.140s] Level 1:colcon.colcon_core.package_identification:_identify(src/my_first_package) by extensions ['ignore', 'ignore_ament_install']
[0.140s] Level 1:colcon.colcon_core.package_identification:_identify(src/my_first_package) by extension 'ignore'
[0.140s] Level 1:colcon.colcon_core.package_identification:_identify(src/my_first_package) by extension 'ignore_ament_install'
[0.140s] Level 1:colcon.colcon_core.package_identification:_identify(src/my_first_package) by extensions ['colcon_pkg']
[0.140s] Level 1:colcon.colcon_core.package_identification:_identify(src/my_first_package) by extension 'colcon_pkg'
[0.140s] Level 1:colcon.colcon_core.package_identification:_identify(src/my_first_package) by extensions ['colcon_meta']
[0.140s] Level 1:colcon.colcon_core.package_identification:_identify(src/my_first_package) by extension 'colcon_meta'
[0.140s] Level 1:colcon.colcon_core.package_identification:_identify(src/my_first_package) by extensions ['ros']
[0.140s] Level 1:colcon.colcon_core.package_identification:_identify(src/my_first_package) by extension 'ros'
[0.142s] DEBUG:colcon.colcon_core.package_identification:Package 'src/my_first_package' with type 'ros.ament_python' and name 'my_first_package'
[0.142s] Level 1:colcon.colcon_core.package_identification:_identify(src/my_first_package_msgs) by extensions ['ignore', 'ignore_ament_install']
[0.142s] Level 1:colcon.colcon_core.package_identification:_identify(src/my_first_package_msgs) by extension 'ignore'
[0.142s] Level 1:colcon.colcon_core.package_identification:_identify(src/my_first_package_msgs) by extension 'ignore_ament_install'
[0.142s] Level 1:colcon.colcon_core.package_identification:_identify(src/my_first_package_msgs) by extensions ['colcon_pkg']
[0.142s] Level 1:colcon.colcon_core.package_identification:_identify(src/my_first_package_msgs) by extension 'colcon_pkg'
[0.142s] Level 1:colcon.colcon_core.package_identification:_identify(src/my_first_package_msgs) by extensions ['colcon_meta']
[0.142s] Level 1:colcon.colcon_core.package_identification:_identify(src/my_first_package_msgs) by extension 'colcon_meta'
[0.142s] Level 1:colcon.colcon_core.package_identification:_identify(src/my_first_package_msgs) by extensions ['ros']
[0.142s] Level 1:colcon.colcon_core.package_identification:_identify(src/my_first_package_msgs) by extension 'ros'
[0.143s] DEBUG:colcon.colcon_core.package_identification:Package 'src/my_first_package_msgs' with type 'ros.ament_cmake' and name 'my_first_package_msgs'
[0.143s] Level 1:colcon.colcon_core.package_identification:_identify(src/my_tf_tutorials) by extensions ['ignore', 'ignore_ament_install']
[0.143s] Level 1:colcon.colcon_core.package_identification:_identify(src/my_tf_tutorials) by extension 'ignore'
[0.143s] Level 1:colcon.colcon_core.package_identification:_identify(src/my_tf_tutorials) by extension 'ignore_ament_install'
[0.143s] Level 1:colcon.colcon_core.package_identification:_identify(src/my_tf_tutorials) by extensions ['colcon_pkg']
[0.143s] Level 1:colcon.colcon_core.package_identification:_identify(src/my_tf_tutorials) by extension 'colcon_pkg'
[0.143s] Level 1:colcon.colcon_core.package_identification:_identify(src/my_tf_tutorials) by extensions ['colcon_meta']
[0.143s] Level 1:colcon.colcon_core.package_identification:_identify(src/my_tf_tutorials) by extension 'colcon_meta'
[0.143s] Level 1:colcon.colcon_core.package_identification:_identify(src/my_tf_tutorials) by extensions ['ros']
[0.143s] Level 1:colcon.colcon_core.package_identification:_identify(src/my_tf_tutorials) by extension 'ros'
[0.143s] Level 1:colcon.colcon_core.package_identification:_identify(src/my_tf_tutorials) by extensions ['cmake', 'python']
[0.143s] Level 1:colcon.colcon_core.package_identification:_identify(src/my_tf_tutorials) by extension 'cmake'
[0.143s] Level 1:colcon.colcon_core.package_identification:_identify(src/my_tf_tutorials) by extension 'python'
[0.143s] Level 1:colcon.colcon_core.package_identification:_identify(src/my_tf_tutorials) by extensions ['python_setup_py']
[0.143s] Level 1:colcon.colcon_core.package_identification:_identify(src/my_tf_tutorials) by extension 'python_setup_py'
[0.143s] Level 1:colcon.colcon_core.package_identification:_identify(src/my_tf_tutorials/my_tf) by extensions ['ignore', 'ignore_ament_install']
[0.143s] Level 1:colcon.colcon_core.package_identification:_identify(src/my_tf_tutorials/my_tf) by extension 'ignore'
[0.143s] Level 1:colcon.colcon_core.package_identification:_identify(src/my_tf_tutorials/my_tf) by extension 'ignore_ament_install'
[0.143s] Level 1:colcon.colcon_core.package_identification:_identify(src/my_tf_tutorials/my_tf) by extensions ['colcon_pkg']
[0.143s] Level 1:colcon.colcon_core.package_identification:_identify(src/my_tf_tutorials/my_tf) by extension 'colcon_pkg'
[0.143s] Level 1:colcon.colcon_core.package_identification:_identify(src/my_tf_tutorials/my_tf) by extensions ['colcon_meta']
[0.144s] Level 1:colcon.colcon_core.package_identification:_identify(src/my_tf_tutorials/my_tf) by extension 'colcon_meta'
[0.144s] Level 1:colcon.colcon_core.package_identification:_identify(src/my_tf_tutorials/my_tf) by extensions ['ros']
[0.144s] Level 1:colcon.colcon_core.package_identification:_identify(src/my_tf_tutorials/my_tf) by extension 'ros'
[0.144s] DEBUG:colcon.colcon_core.package_identification:Package 'src/my_tf_tutorials/my_tf' with type 'ros.ament_python' and name 'my_tf'
[0.144s] Level 1:colcon.colcon_core.package_identification:_identify(turtle_test) by extensions ['ignore', 'ignore_ament_install']
[0.144s] Level 1:colcon.colcon_core.package_identification:_identify(turtle_test) by extension 'ignore'
[0.144s] Level 1:colcon.colcon_core.package_identification:_identify(turtle_test) by extension 'ignore_ament_install'
[0.144s] Level 1:colcon.colcon_core.package_identification:_identify(turtle_test) by extensions ['colcon_pkg']
[0.144s] Level 1:colcon.colcon_core.package_identification:_identify(turtle_test) by extension 'colcon_pkg'
[0.144s] Level 1:colcon.colcon_core.package_identification:_identify(turtle_test) by extensions ['colcon_meta']
[0.144s] Level 1:colcon.colcon_core.package_identification:_identify(turtle_test) by extension 'colcon_meta'
[0.144s] Level 1:colcon.colcon_core.package_identification:_identify(turtle_test) by extensions ['ros']
[0.144s] Level 1:colcon.colcon_core.package_identification:_identify(turtle_test) by extension 'ros'
[0.144s] Level 1:colcon.colcon_core.package_identification:_identify(turtle_test) by extensions ['cmake', 'python']
[0.144s] Level 1:colcon.colcon_core.package_identification:_identify(turtle_test) by extension 'cmake'
[0.144s] Level 1:colcon.colcon_core.package_identification:_identify(turtle_test) by extension 'python'
[0.144s] Level 1:colcon.colcon_core.package_identification:_identify(turtle_test) by extensions ['python_setup_py']
[0.144s] Level 1:colcon.colcon_core.package_identification:_identify(turtle_test) by extension 'python_setup_py'
[0.145s] Level 1:colcon.colcon_core.package_discovery:discover_packages(recursive) using defaults
[0.145s] Level 1:colcon.colcon_core.package_discovery:discover_packages(ignore) discover
[0.145s] Level 1:colcon.colcon_core.package_discovery:discover_packages(ignore) using defaults
[0.145s] Level 1:colcon.colcon_core.package_discovery:discover_packages(path) discover
[0.145s] Level 1:colcon.colcon_core.package_discovery:discover_packages(path) using defaults
[0.158s] Level 1:colcon.colcon_core.package_discovery:discover_packages(prefix_path) check parameters
[0.158s] Level 1:colcon.colcon_core.package_discovery:discover_packages(prefix_path) discover
[0.159s] DEBUG:colcon.colcon_installed_package_information.package_discovery:Found 3 installed packages in /home/addinedu/dev_ws/ros/install
[0.160s] DEBUG:colcon.colcon_installed_package_information.package_discovery:Found 327 installed packages in /opt/ros/jazzy
[0.161s] Level 1:colcon.colcon_core.package_discovery:discover_packages(prefix_path) using defaults
[0.201s] Level 5:colcon.colcon_core.verb:set package 'my_first_package' build argument 'cmake_args' from command line to 'None'
[0.201s] Level 5:colcon.colcon_core.verb:set package 'my_first_package' build argument 'cmake_target' from command line to 'None'
[0.201s] Level 5:colcon.colcon_core.verb:set package 'my_first_package' build argument 'cmake_target_skip_unavailable' from command line to 'False'
[0.201s] Level 5:colcon.colcon_core.verb:set package 'my_first_package' build argument 'cmake_clean_cache' from command line to 'False'
[0.201s] Level 5:colcon.colcon_core.verb:set package 'my_first_package' build argument 'cmake_clean_first' from command line to 'False'
[0.201s] Level 5:colcon.colcon_core.verb:set package 'my_first_package' build argument 'cmake_force_configure' from command line to 'False'
[0.201s] Level 5:colcon.colcon_core.verb:set package 'my_first_package' build argument 'ament_cmake_args' from command line to 'None'
[0.201s] Level 5:colcon.colcon_core.verb:set package 'my_first_package' build argument 'catkin_cmake_args' from command line to 'None'
[0.201s] Level 5:colcon.colcon_core.verb:set package 'my_first_package' build argument 'catkin_skip_building_tests' from command line to 'False'
[0.201s] DEBUG:colcon.colcon_core.verb:Building package 'my_first_package' with the following arguments: {'ament_cmake_args': None, 'build_base': '/home/addinedu/dev_ws/ros/build/my_first_package', 'catkin_cmake_args': None, 'catkin_skip_building_tests': False, 'cmake_args': None, 'cmake_clean_cache': False, 'cmake_clean_first': False, 'cmake_force_configure': False, 'cmake_target': None, 'cmake_target_skip_unavailable': False, 'install_base': '/home/addinedu/dev_ws/ros/install/my_first_package', 'merge_install': False, 'path': '/home/addinedu/dev_ws/ros/src/my_first_package', 'symlink_install': False, 'test_result_base': None}
[0.201s] Level 5:colcon.colcon_core.verb:set package 'my_first_package_msgs' build argument 'cmake_args' from command line to 'None'
[0.201s] Level 5:colcon.colcon_core.verb:set package 'my_first_package_msgs' build argument 'cmake_target' from command line to 'None'
[0.201s] Level 5:colcon.colcon_core.verb:set package 'my_first_package_msgs' build argument 'cmake_target_skip_unavailable' from command line to 'False'
[0.201s] Level 5:colcon.colcon_core.verb:set package 'my_first_package_msgs' build argument 'cmake_clean_cache' from command line to 'False'
[0.201s] Level 5:colcon.colcon_core.verb:set package 'my_first_package_msgs' build argument 'cmake_clean_first' from command line to 'False'
[0.201s] Level 5:colcon.colcon_core.verb:set package 'my_first_package_msgs' build argument 'cmake_force_configure' from command line to 'False'
[0.202s] Level 5:colcon.colcon_core.verb:set package 'my_first_package_msgs' build argument 'ament_cmake_args' from command line to 'None'
[0.202s] Level 5:colcon.colcon_core.verb:set package 'my_first_package_msgs' build argument 'catkin_cmake_args' from command line to 'None'
[0.202s] Level 5:colcon.colcon_core.verb:set package 'my_first_package_msgs' build argument 'catkin_skip_building_tests' from command line to 'False'
[0.202s] DEBUG:colcon.colcon_core.verb:Building package 'my_first_package_msgs' with the following arguments: {'ament_cmake_args': None, 'build_base': '/home/addinedu/dev_ws/ros/build/my_first_package_msgs', 'catkin_cmake_args': None, 'catkin_skip_building_tests': False, 'cmake_args': None, 'cmake_clean_cache': False, 'cmake_clean_first': False, 'cmake_force_configure': False, 'cmake_target': None, 'cmake_target_skip_unavailable': False, 'install_base': '/home/addinedu/dev_ws/ros/install/my_first_package_msgs', 'merge_install': False, 'path': '/home/addinedu/dev_ws/ros/src/my_first_package_msgs', 'symlink_install': False, 'test_result_base': None}
[0.202s] Level 5:colcon.colcon_core.verb:set package 'my_tf' build argument 'cmake_args' from command line to 'None'
[0.202s] Level 5:colcon.colcon_core.verb:set package 'my_tf' build argument 'cmake_target' from command line to 'None'
[0.202s] Level 5:colcon.colcon_core.verb:set package 'my_tf' build argument 'cmake_target_skip_unavailable' from command line to 'False'
[0.202s] Level 5:colcon.colcon_core.verb:set package 'my_tf' build argument 'cmake_clean_cache' from command line to 'False'
[0.202s] Level 5:colcon.colcon_core.verb:set package 'my_tf' build argument 'cmake_clean_first' from command line to 'False'
[0.202s] Level 5:colcon.colcon_core.verb:set package 'my_tf' build argument 'cmake_force_configure' from command line to 'False'
[0.202s] Level 5:colcon.colcon_core.verb:set package 'my_tf' build argument 'ament_cmake_args' from command line to 'None'
[0.202s] Level 5:colcon.colcon_core.verb:set package 'my_tf' build argument 'catkin_cmake_args' from command line to 'None'
[0.202s] Level 5:colcon.colcon_core.verb:set package 'my_tf' build argument 'catkin_skip_building_tests' from command line to 'False'
[0.202s] DEBUG:colcon.colcon_core.verb:Building package 'my_tf' with the following arguments: {'ament_cmake_args': None, 'build_base': '/home/addinedu/dev_ws/ros/build/my_tf', 'catkin_cmake_args': None, 'catkin_skip_building_tests': False, 'cmake_args': None, 'cmake_clean_cache': False, 'cmake_clean_first': False, 'cmake_force_configure': False, 'cmake_target': None, 'cmake_target_skip_unavailable': False, 'install_base': '/home/addinedu/dev_ws/ros/install/my_tf', 'merge_install': False, 'path': '/home/addinedu/dev_ws/ros/src/my_tf_tutorials/my_tf', 'symlink_install': False, 'test_result_base': None}
[0.202s] INFO:colcon.colcon_core.executor:Executing jobs using 'parallel' executor
[0.203s] DEBUG:colcon.colcon_parallel_executor.executor.parallel:run_until_complete
[0.203s] INFO:colcon.colcon_ros.task.ament_python.build:Building ROS package in '/home/addinedu/dev_ws/ros/src/my_first_package' with build type 'ament_python'
[0.203s] Level 1:colcon.colcon_core.shell:create_environment_hook('my_first_package', 'ament_prefix_path')
[0.205s] INFO:colcon.colcon_core.plugin_system:Skipping extension 'colcon_core.shell.bat': Not used on non-Windows systems
[0.205s] INFO:colcon.colcon_core.shell:Creating environment hook '/home/addinedu/dev_ws/ros/install/my_first_package/share/my_first_package/hook/ament_prefix_path.ps1'
[0.206s] INFO:colcon.colcon_core.shell:Creating environment descriptor '/home/addinedu/dev_ws/ros/install/my_first_package/share/my_first_package/hook/ament_prefix_path.dsv'
[0.206s] INFO:colcon.colcon_core.shell:Creating environment hook '/home/addinedu/dev_ws/ros/install/my_first_package/share/my_first_package/hook/ament_prefix_path.sh'
[0.207s] INFO:colcon.colcon_core.shell:Skip shell extension 'powershell' for command environment: Not usable outside of PowerShell
[0.207s] DEBUG:colcon.colcon_core.shell:Skip shell extension 'dsv' for command environment
[0.209s] INFO:colcon.colcon_ros.task.ament_cmake.build:Building ROS package in '/home/addinedu/dev_ws/ros/src/my_first_package_msgs' with build type 'ament_cmake'
[0.209s] INFO:colcon.colcon_cmake.task.cmake.build:Building CMake package in '/home/addinedu/dev_ws/ros/src/my_first_package_msgs'
[0.210s] INFO:colcon.colcon_core.shell:Skip shell extension 'powershell' for command environment: Not usable outside of PowerShell
[0.210s] DEBUG:colcon.colcon_core.shell:Skip shell extension 'dsv' for command environment
[0.212s] INFO:colcon.colcon_ros.task.ament_python.build:Building ROS package in '/home/addinedu/dev_ws/ros/src/my_tf_tutorials/my_tf' with build type 'ament_python'
[0.212s] Level 1:colcon.colcon_core.shell:create_environment_hook('my_tf', 'ament_prefix_path')
[0.212s] INFO:colcon.colcon_core.shell:Creating environment hook '/home/addinedu/dev_ws/ros/install/my_tf/share/my_tf/hook/ament_prefix_path.ps1'
[0.213s] INFO:colcon.colcon_core.shell:Creating environment descriptor '/home/addinedu/dev_ws/ros/install/my_tf/share/my_tf/hook/ament_prefix_path.dsv'
[0.213s] INFO:colcon.colcon_core.shell:Creating environment hook '/home/addinedu/dev_ws/ros/install/my_tf/share/my_tf/hook/ament_prefix_path.sh'
[0.213s] INFO:colcon.colcon_core.shell:Skip shell extension 'powershell' for command environment: Not usable outside of PowerShell
[0.213s] DEBUG:colcon.colcon_core.shell:Skip shell extension 'dsv' for command environment
[0.401s] INFO:colcon.colcon_core.task.python.build:Building Python package in '/home/addinedu/dev_ws/ros/src/my_first_package'
[0.401s] INFO:colcon.colcon_core.shell:Skip shell extension 'powershell' for command environment: Not usable outside of PowerShell
[0.401s] DEBUG:colcon.colcon_core.shell:Skip shell extension 'dsv' for command environment
[0.407s] DEBUG:colcon.colcon_core.event_handler.log_command:Invoking command in '/home/addinedu/dev_ws/ros/build/my_first_package_msgs': CMAKE_PREFIX_PATH=${CMAKE_PREFIX_PATH}:/home/addinedu/dev_ws/ros/install/my_first_package:/home/addinedu/dev_ws/ros/install/my_tf:/opt/ros/jazzy DEBUGINFOD_URLS=https://debuginfod.ubuntu.com /usr/bin/cmake --build /home/addinedu/dev_ws/ros/build/my_first_package_msgs -- -j12 -l12
[0.612s] INFO:colcon.colcon_core.task.python.build:Building Python package in '/home/addinedu/dev_ws/ros/src/my_tf_tutorials/my_tf'
[0.612s] INFO:colcon.colcon_core.shell:Skip shell extension 'powershell' for command environment: Not usable outside of PowerShell
[0.612s] DEBUG:colcon.colcon_core.shell:Skip shell extension 'dsv' for command environment
[0.827s] DEBUG:colcon.colcon_core.event_handler.log_command:Invoked command in '/home/addinedu/dev_ws/ros/build/my_first_package_msgs' returned '0': CMAKE_PREFIX_PATH=${CMAKE_PREFIX_PATH}:/home/addinedu/dev_ws/ros/install/my_first_package:/home/addinedu/dev_ws/ros/install/my_tf:/opt/ros/jazzy DEBUGINFOD_URLS=https://debuginfod.ubuntu.com /usr/bin/cmake --build /home/addinedu/dev_ws/ros/build/my_first_package_msgs -- -j12 -l12
[0.834s] DEBUG:colcon.colcon_core.event_handler.log_command:Invoking command in '/home/addinedu/dev_ws/ros/build/my_first_package_msgs': CMAKE_PREFIX_PATH=${CMAKE_PREFIX_PATH}:/home/addinedu/dev_ws/ros/install/my_first_package:/home/addinedu/dev_ws/ros/install/my_tf:/opt/ros/jazzy DEBUGINFOD_URLS=https://debuginfod.ubuntu.com /usr/bin/cmake --install /home/addinedu/dev_ws/ros/build/my_first_package_msgs
[0.883s] Level 1:colcon.colcon_core.environment:create_environment_scripts_only(my_first_package_msgs)
[0.886s] DEBUG:colcon.colcon_core.event_handler.log_command:Invoked command in '/home/addinedu/dev_ws/ros/build/my_first_package_msgs' returned '0': CMAKE_PREFIX_PATH=${CMAKE_PREFIX_PATH}:/home/addinedu/dev_ws/ros/install/my_first_package:/home/addinedu/dev_ws/ros/install/my_tf:/opt/ros/jazzy DEBUGINFOD_URLS=https://debuginfod.ubuntu.com /usr/bin/cmake --install /home/addinedu/dev_ws/ros/build/my_first_package_msgs
[0.887s] Level 1:colcon.colcon_core.environment:checking '/home/addinedu/dev_ws/ros/install/my_first_package_msgs' for CMake module files
[0.887s] Level 1:colcon.colcon_core.environment:checking '/home/addinedu/dev_ws/ros/install/my_first_package_msgs' for CMake config files
[0.888s] Level 1:colcon.colcon_core.shell:create_environment_hook('my_first_package_msgs', 'cmake_prefix_path')
[0.888s] INFO:colcon.colcon_core.shell:Creating environment hook '/home/addinedu/dev_ws/ros/install/my_first_package_msgs/share/my_first_package_msgs/hook/cmake_prefix_path.ps1'
[0.888s] INFO:colcon.colcon_core.shell:Creating environment descriptor '/home/addinedu/dev_ws/ros/install/my_first_package_msgs/share/my_first_package_msgs/hook/cmake_prefix_path.dsv'
[0.889s] INFO:colcon.colcon_core.shell:Creating environment hook '/home/addinedu/dev_ws/ros/install/my_first_package_msgs/share/my_first_package_msgs/hook/cmake_prefix_path.sh'
[0.889s] Level 1:colcon.colcon_core.environment:checking '/home/addinedu/dev_ws/ros/install/my_first_package_msgs/lib'
[0.889s] Level 1:colcon.colcon_core.shell:create_environment_hook('my_first_package_msgs', 'ld_library_path_lib')
[0.889s] INFO:colcon.colcon_core.shell:Creating environment hook '/home/addinedu/dev_ws/ros/install/my_first_package_msgs/share/my_first_package_msgs/hook/ld_library_path_lib.ps1'
[0.890s] INFO:colcon.colcon_core.shell:Creating environment descriptor '/home/addinedu/dev_ws/ros/install/my_first_package_msgs/share/my_first_package_msgs/hook/ld_library_path_lib.dsv'
[0.890s] INFO:colcon.colcon_core.shell:Creating environment hook '/home/addinedu/dev_ws/ros/install/my_first_package_msgs/share/my_first_package_msgs/hook/ld_library_path_lib.sh'
[0.890s] Level 1:colcon.colcon_core.environment:checking '/home/addinedu/dev_ws/ros/install/my_first_package_msgs/bin'
[0.890s] Level 1:colcon.colcon_core.environment:checking '/home/addinedu/dev_ws/ros/install/my_first_package_msgs/lib/pkgconfig/my_first_package_msgs.pc'
[0.891s] Level 1:colcon.colcon_core.environment:checking '/home/addinedu/dev_ws/ros/install/my_first_package_msgs/lib/python3.12/site-packages'
[0.891s] Level 1:colcon.colcon_core.shell:create_environment_hook('my_first_package_msgs', 'pythonpath')
[0.891s] INFO:colcon.colcon_core.shell:Creating environment hook '/home/addinedu/dev_ws/ros/install/my_first_package_msgs/share/my_first_package_msgs/hook/pythonpath.ps1'
[0.891s] INFO:colcon.colcon_core.shell:Creating environment descriptor '/home/addinedu/dev_ws/ros/install/my_first_package_msgs/share/my_first_package_msgs/hook/pythonpath.dsv'
[0.891s] INFO:colcon.colcon_core.shell:Creating environment hook '/home/addinedu/dev_ws/ros/install/my_first_package_msgs/share/my_first_package_msgs/hook/pythonpath.sh'
[0.892s] Level 1:colcon.colcon_core.environment:checking '/home/addinedu/dev_ws/ros/install/my_first_package_msgs/bin'
[0.892s] INFO:colcon.colcon_core.shell:Creating package script '/home/addinedu/dev_ws/ros/install/my_first_package_msgs/share/my_first_package_msgs/package.ps1'
[0.893s] INFO:colcon.colcon_core.shell:Creating package descriptor '/home/addinedu/dev_ws/ros/install/my_first_package_msgs/share/my_first_package_msgs/package.dsv'
[0.893s] INFO:colcon.colcon_core.shell:Creating package script '/home/addinedu/dev_ws/ros/install/my_first_package_msgs/share/my_first_package_msgs/package.sh'
[0.894s] INFO:colcon.colcon_core.shell:Creating package script '/home/addinedu/dev_ws/ros/install/my_first_package_msgs/share/my_first_package_msgs/package.bash'
[0.894s] INFO:colcon.colcon_core.shell:Creating package script '/home/addinedu/dev_ws/ros/install/my_first_package_msgs/share/my_first_package_msgs/package.zsh'
[0.895s] Level 1:colcon.colcon_core.environment:create_file_with_runtime_dependencies(/home/addinedu/dev_ws/ros/install/my_first_package_msgs/share/colcon-core/packages/my_first_package_msgs)
[0.895s] Level 1:colcon.colcon_core.environment:create_environment_scripts_only(my_first_package_msgs)
[0.895s] Level 1:colcon.colcon_core.environment:checking '/home/addinedu/dev_ws/ros/install/my_first_package_msgs' for CMake module files
[0.896s] Level 1:colcon.colcon_core.environment:checking '/home/addinedu/dev_ws/ros/install/my_first_package_msgs' for CMake config files
[0.896s] Level 1:colcon.colcon_core.shell:create_environment_hook('my_first_package_msgs', 'cmake_prefix_path')
[0.896s] INFO:colcon.colcon_core.shell:Creating environment hook '/home/addinedu/dev_ws/ros/install/my_first_package_msgs/share/my_first_package_msgs/hook/cmake_prefix_path.ps1'
[0.897s] INFO:colcon.colcon_core.shell:Creating environment descriptor '/home/addinedu/dev_ws/ros/install/my_first_package_msgs/share/my_first_package_msgs/hook/cmake_prefix_path.dsv'
[0.897s] INFO:colcon.colcon_core.shell:Creating environment hook '/home/addinedu/dev_ws/ros/install/my_first_package_msgs/share/my_first_package_msgs/hook/cmake_prefix_path.sh'
[0.897s] Level 1:colcon.colcon_core.environment:checking '/home/addinedu/dev_ws/ros/install/my_first_package_msgs/lib'
[0.897s] Level 1:colcon.colcon_core.shell:create_environment_hook('my_first_package_msgs', 'ld_library_path_lib')
[0.898s] INFO:colcon.colcon_core.shell:Creating environment hook '/home/addinedu/dev_ws/ros/install/my_first_package_msgs/share/my_first_package_msgs/hook/ld_library_path_lib.ps1'
[0.898s] INFO:colcon.colcon_core.shell:Creating environment descriptor '/home/addinedu/dev_ws/ros/install/my_first_package_msgs/share/my_first_package_msgs/hook/ld_library_path_lib.dsv'
[0.898s] INFO:colcon.colcon_core.shell:Creating environment hook '/home/addinedu/dev_ws/ros/install/my_first_package_msgs/share/my_first_package_msgs/hook/ld_library_path_lib.sh'
[0.899s] Level 1:colcon.colcon_core.environment:checking '/home/addinedu/dev_ws/ros/install/my_first_package_msgs/bin'
[0.899s] Level 1:colcon.colcon_core.environment:checking '/home/addinedu/dev_ws/ros/install/my_first_package_msgs/lib/pkgconfig/my_first_package_msgs.pc'
[0.899s] Level 1:colcon.colcon_core.environment:checking '/home/addinedu/dev_ws/ros/install/my_first_package_msgs/lib/python3.12/site-packages'
[0.899s] Level 1:colcon.colcon_core.shell:create_environment_hook('my_first_package_msgs', 'pythonpath')
[0.899s] INFO:colcon.colcon_core.shell:Creating environment hook '/home/addinedu/dev_ws/ros/install/my_first_package_msgs/share/my_first_package_msgs/hook/pythonpath.ps1'
[0.900s] INFO:colcon.colcon_core.shell:Creating environment descriptor '/home/addinedu/dev_ws/ros/install/my_first_package_msgs/share/my_first_package_msgs/hook/pythonpath.dsv'
[0.900s] INFO:colcon.colcon_core.shell:Creating environment hook '/home/addinedu/dev_ws/ros/install/my_first_package_msgs/share/my_first_package_msgs/hook/pythonpath.sh'
[0.900s] Level 1:colcon.colcon_core.environment:checking '/home/addinedu/dev_ws/ros/install/my_first_package_msgs/bin'
[0.901s] INFO:colcon.colcon_core.shell:Creating package script '/home/addinedu/dev_ws/ros/install/my_first_package_msgs/share/my_first_package_msgs/package.ps1'
[0.901s] INFO:colcon.colcon_core.shell:Creating package descriptor '/home/addinedu/dev_ws/ros/install/my_first_package_msgs/share/my_first_package_msgs/package.dsv'
[0.902s] INFO:colcon.colcon_core.shell:Creating package script '/home/addinedu/dev_ws/ros/install/my_first_package_msgs/share/my_first_package_msgs/package.sh'
[0.902s] INFO:colcon.colcon_core.shell:Creating package script '/home/addinedu/dev_ws/ros/install/my_first_package_msgs/share/my_first_package_msgs/package.bash'
[0.902s] INFO:colcon.colcon_core.shell:Creating package script '/home/addinedu/dev_ws/ros/install/my_first_package_msgs/share/my_first_package_msgs/package.zsh'
[0.903s] Level 1:colcon.colcon_core.environment:create_file_with_runtime_dependencies(/home/addinedu/dev_ws/ros/install/my_first_package_msgs/share/colcon-core/packages/my_first_package_msgs)
[1.193s] DEBUG:colcon.colcon_core.event_handler.log_command:Invoking command in '/home/addinedu/dev_ws/ros/src/my_tf_tutorials/my_tf': DEBUGINFOD_URLS=https://debuginfod.ubuntu.com PYTHONPATH=/home/addinedu/dev_ws/ros/build/my_tf/prefix_override:/usr/lib/python3/dist-packages/colcon_core/task/python/colcon_distutils_commands:/home/addinedu/dev_ws/ros/install/my_tf/lib/python3.12/site-packages:${PYTHONPATH} /usr/bin/python3 -W ignore:setup.py install is deprecated -W ignore:easy_install command is deprecated setup.py egg_info --egg-base ../../../build/my_tf build --build-base /home/addinedu/dev_ws/ros/build/my_tf/build install --record /home/addinedu/dev_ws/ros/build/my_tf/install.log --single-version-externally-managed install_data
[1.200s] DEBUG:colcon.colcon_core.event_handler.log_command:Invoking command in '/home/addinedu/dev_ws/ros/src/my_first_package': DEBUGINFOD_URLS=https://debuginfod.ubuntu.com PYTHONPATH=/home/addinedu/dev_ws/ros/build/my_first_package/prefix_override:/usr/lib/python3/dist-packages/colcon_core/task/python/colcon_distutils_commands:/home/addinedu/dev_ws/ros/install/my_first_package/lib/python3.12/site-packages:${PYTHONPATH} /usr/bin/python3 -W ignore:setup.py install is deprecated -W ignore:easy_install command is deprecated setup.py egg_info --egg-base ../../build/my_first_package build --build-base /home/addinedu/dev_ws/ros/build/my_first_package/build install --record /home/addinedu/dev_ws/ros/build/my_first_package/install.log --single-version-externally-managed install_data
[1.687s] Level 1:colcon.colcon_core.environment:checking '/home/addinedu/dev_ws/ros/install/my_tf' for CMake module files
[1.688s] DEBUG:colcon.colcon_core.event_handler.log_command:Invoked command in '/home/addinedu/dev_ws/ros/src/my_tf_tutorials/my_tf' returned '0': DEBUGINFOD_URLS=https://debuginfod.ubuntu.com PYTHONPATH=/home/addinedu/dev_ws/ros/build/my_tf/prefix_override:/usr/lib/python3/dist-packages/colcon_core/task/python/colcon_distutils_commands:/home/addinedu/dev_ws/ros/install/my_tf/lib/python3.12/site-packages:${PYTHONPATH} /usr/bin/python3 -W ignore:setup.py install is deprecated -W ignore:easy_install command is deprecated setup.py egg_info --egg-base ../../../build/my_tf build --build-base /home/addinedu/dev_ws/ros/build/my_tf/build install --record /home/addinedu/dev_ws/ros/build/my_tf/install.log --single-version-externally-managed install_data
[1.688s] Level 1:colcon.colcon_core.environment:checking '/home/addinedu/dev_ws/ros/install/my_tf' for CMake config files
[1.688s] Level 1:colcon.colcon_core.environment:checking '/home/addinedu/dev_ws/ros/install/my_tf/lib'
[1.688s] Level 1:colcon.colcon_core.environment:checking '/home/addinedu/dev_ws/ros/install/my_tf/bin'
[1.689s] Level 1:colcon.colcon_core.environment:checking '/home/addinedu/dev_ws/ros/install/my_tf/lib/pkgconfig/my_tf.pc'
[1.689s] Level 1:colcon.colcon_core.environment:checking '/home/addinedu/dev_ws/ros/install/my_tf/lib/python3.12/site-packages'
[1.689s] Level 1:colcon.colcon_core.shell:create_environment_hook('my_tf', 'pythonpath')
[1.689s] INFO:colcon.colcon_core.shell:Creating environment hook '/home/addinedu/dev_ws/ros/install/my_tf/share/my_tf/hook/pythonpath.ps1'
[1.689s] INFO:colcon.colcon_core.shell:Creating environment descriptor '/home/addinedu/dev_ws/ros/install/my_tf/share/my_tf/hook/pythonpath.dsv'
[1.690s] INFO:colcon.colcon_core.shell:Creating environment hook '/home/addinedu/dev_ws/ros/install/my_tf/share/my_tf/hook/pythonpath.sh'
[1.690s] Level 1:colcon.colcon_core.environment:checking '/home/addinedu/dev_ws/ros/install/my_tf/bin'
[1.690s] Level 1:colcon.colcon_core.environment:create_environment_scripts_only(my_tf)
[1.690s] INFO:colcon.colcon_core.shell:Creating package script '/home/addinedu/dev_ws/ros/install/my_tf/share/my_tf/package.ps1'
[1.691s] INFO:colcon.colcon_core.shell:Creating package descriptor '/home/addinedu/dev_ws/ros/install/my_tf/share/my_tf/package.dsv'
[1.691s] INFO:colcon.colcon_core.shell:Creating package script '/home/addinedu/dev_ws/ros/install/my_tf/share/my_tf/package.sh'
[1.692s] INFO:colcon.colcon_core.shell:Creating package script '/home/addinedu/dev_ws/ros/install/my_tf/share/my_tf/package.bash'
[1.692s] INFO:colcon.colcon_core.shell:Creating package script '/home/addinedu/dev_ws/ros/install/my_tf/share/my_tf/package.zsh'
[1.692s] Level 1:colcon.colcon_core.environment:create_file_with_runtime_dependencies(/home/addinedu/dev_ws/ros/install/my_tf/share/colcon-core/packages/my_tf)
[1.706s] Level 1:colcon.colcon_core.environment:checking '/home/addinedu/dev_ws/ros/install/my_first_package' for CMake module files
[1.706s] DEBUG:colcon.colcon_core.event_handler.log_command:Invoked command in '/home/addinedu/dev_ws/ros/src/my_first_package' returned '0': DEBUGINFOD_URLS=https://debuginfod.ubuntu.com PYTHONPATH=/home/addinedu/dev_ws/ros/build/my_first_package/prefix_override:/usr/lib/python3/dist-packages/colcon_core/task/python/colcon_distutils_commands:/home/addinedu/dev_ws/ros/install/my_first_package/lib/python3.12/site-packages:${PYTHONPATH} /usr/bin/python3 -W ignore:setup.py install is deprecated -W ignore:easy_install command is deprecated setup.py egg_info --egg-base ../../build/my_first_package build --build-base /home/addinedu/dev_ws/ros/build/my_first_package/build install --record /home/addinedu/dev_ws/ros/build/my_first_package/install.log --single-version-externally-managed install_data
[1.707s] Level 1:colcon.colcon_core.environment:checking '/home/addinedu/dev_ws/ros/install/my_first_package' for CMake config files
[1.707s] Level 1:colcon.colcon_core.environment:checking '/home/addinedu/dev_ws/ros/install/my_first_package/lib'
[1.707s] Level 1:colcon.colcon_core.environment:checking '/home/addinedu/dev_ws/ros/install/my_first_package/bin'
[1.707s] Level 1:colcon.colcon_core.environment:checking '/home/addinedu/dev_ws/ros/install/my_first_package/lib/pkgconfig/my_first_package.pc'
[1.707s] Level 1:colcon.colcon_core.environment:checking '/home/addinedu/dev_ws/ros/install/my_first_package/lib/python3.12/site-packages'
[1.707s] Level 1:colcon.colcon_core.shell:create_environment_hook('my_first_package', 'pythonpath')
[1.708s] INFO:colcon.colcon_core.shell:Creating environment hook '/home/addinedu/dev_ws/ros/install/my_first_package/share/my_first_package/hook/pythonpath.ps1'
[1.708s] INFO:colcon.colcon_core.shell:Creating environment descriptor '/home/addinedu/dev_ws/ros/install/my_first_package/share/my_first_package/hook/pythonpath.dsv'
[1.708s] INFO:colcon.colcon_core.shell:Creating environment hook '/home/addinedu/dev_ws/ros/install/my_first_package/share/my_first_package/hook/pythonpath.sh'
[1.709s] Level 1:colcon.colcon_core.environment:checking '/home/addinedu/dev_ws/ros/install/my_first_package/bin'
[1.709s] Level 1:colcon.colcon_core.environment:create_environment_scripts_only(my_first_package)
[1.709s] INFO:colcon.colcon_core.shell:Creating package script '/home/addinedu/dev_ws/ros/install/my_first_package/share/my_first_package/package.ps1'
[1.709s] INFO:colcon.colcon_core.shell:Creating package descriptor '/home/addinedu/dev_ws/ros/install/my_first_package/share/my_first_package/package.dsv'
[1.710s] INFO:colcon.colcon_core.shell:Creating package script '/home/addinedu/dev_ws/ros/install/my_first_package/share/my_first_package/package.sh'
[1.710s] INFO:colcon.colcon_core.shell:Creating package script '/home/addinedu/dev_ws/ros/install/my_first_package/share/my_first_package/package.bash'
[1.710s] INFO:colcon.colcon_core.shell:Creating package script '/home/addinedu/dev_ws/ros/install/my_first_package/share/my_first_package/package.zsh'
[1.711s] Level 1:colcon.colcon_core.environment:create_file_with_runtime_dependencies(/home/addinedu/dev_ws/ros/install/my_first_package/share/colcon-core/packages/my_first_package)
[1.711s] DEBUG:colcon.colcon_parallel_executor.executor.parallel:closing loop
[1.711s] DEBUG:colcon.colcon_parallel_executor.executor.parallel:loop closed
[1.711s] DEBUG:colcon.colcon_parallel_executor.executor.parallel:run_until_complete finished with '0'
[1.711s] DEBUG:colcon.colcon_core.event_reactor:joining thread
[1.716s] INFO:colcon.colcon_core.plugin_system:Skipping extension 'colcon_notification.desktop_notification.terminal_notifier': Not used on non-Darwin systems
[1.716s] INFO:colcon.colcon_core.plugin_system:Skipping extension 'colcon_notification.desktop_notification.win32': Not used on non-Windows systems
[1.716s] INFO:colcon.colcon_notification.desktop_notification:Sending desktop notification using 'notify2'
[1.729s] DEBUG:colcon.colcon_core.event_reactor:joined thread
[1.729s] INFO:colcon.colcon_core.shell:Creating prefix script '/home/addinedu/dev_ws/ros/install/local_setup.ps1'
[1.730s] INFO:colcon.colcon_core.shell:Creating prefix util module '/home/addinedu/dev_ws/ros/install/_local_setup_util_ps1.py'
[1.731s] INFO:colcon.colcon_core.shell:Creating prefix chain script '/home/addinedu/dev_ws/ros/install/setup.ps1'
[1.732s] INFO:colcon.colcon_core.shell:Creating prefix script '/home/addinedu/dev_ws/ros/install/local_setup.sh'
[1.732s] INFO:colcon.colcon_core.shell:Creating prefix util module '/home/addinedu/dev_ws/ros/install/_local_setup_util_sh.py'
[1.733s] INFO:colcon.colcon_core.shell:Creating prefix chain script '/home/addinedu/dev_ws/ros/install/setup.sh'
[1.733s] INFO:colcon.colcon_core.shell:Creating prefix script '/home/addinedu/dev_ws/ros/install/local_setup.bash'
[1.734s] INFO:colcon.colcon_core.shell:Creating prefix chain script '/home/addinedu/dev_ws/ros/install/setup.bash'
[1.735s] INFO:colcon.colcon_core.shell:Creating prefix script '/home/addinedu/dev_ws/ros/install/local_setup.zsh'
[1.735s] INFO:colcon.colcon_core.shell:Creating prefix chain script '/home/addinedu/dev_ws/ros/install/setup.zsh'
