[1.097s] Invoking command in '/home/addinedu/dev_ws/ros/src/my_first_package': DEBUGINFOD_URLS=https://debuginfod.ubuntu.com PYTHONPATH=/home/addinedu/dev_ws/ros/build/my_first_package/prefix_override:/usr/lib/python3/dist-packages/colcon_core/task/python/colcon_distutils_commands:/home/addinedu/dev_ws/ros/install/my_first_package/lib/python3.12/site-packages:${PYTHONPATH} /usr/bin/python3 -W ignore:setup.py install is deprecated -W ignore:easy_install command is deprecated setup.py egg_info --egg-base ../../build/my_first_package build --build-base /home/addinedu/dev_ws/ros/build/my_first_package/build install --record /home/addinedu/dev_ws/ros/build/my_first_package/install.log --single-version-externally-managed install_data
[1.368s] running egg_info
[1.390s] writing ../../build/my_first_package/my_first_package.egg-info/PKG-INFO
[1.390s] writing dependency_links to ../../build/my_first_package/my_first_package.egg-info/dependency_links.txt
[1.390s] writing entry points to ../../build/my_first_package/my_first_package.egg-info/entry_points.txt
[1.390s] writing requirements to ../../build/my_first_package/my_first_package.egg-info/requires.txt
[1.390s] writing top-level names to ../../build/my_first_package/my_first_package.egg-info/top_level.txt
[1.434s] reading manifest file '../../build/my_first_package/my_first_package.egg-info/SOURCES.txt'
[1.435s] writing manifest file '../../build/my_first_package/my_first_package.egg-info/SOURCES.txt'
[1.435s] running build
[1.435s] running build_py
[1.435s] running install
[1.441s] running install_lib
[1.464s] running install_data
[1.464s] running install_egg_info
[1.486s] removing '/home/addinedu/dev_ws/ros/install/my_first_package/lib/python3.12/site-packages/my_first_package-0.0.0-py3.12.egg-info' (and everything under it)
[1.486s] Copying ../../build/my_first_package/my_first_package.egg-info to /home/addinedu/dev_ws/ros/install/my_first_package/lib/python3.12/site-packages/my_first_package-0.0.0-py3.12.egg-info
[1.487s] running install_scripts
[1.627s] Installing dist_turtle_action_server script to /home/addinedu/dev_ws/ros/install/my_first_package/lib/my_first_package
[1.627s] Installing my_first_node script to /home/addinedu/dev_ws/ros/install/my_first_package/lib/my_first_package
[1.627s] Installing my_multi_thread script to /home/addinedu/dev_ws/ros/install/my_first_package/lib/my_first_package
[1.627s] Installing my_publisher script to /home/addinedu/dev_ws/ros/install/my_first_package/lib/my_first_package
[1.627s] Installing my_service_server script to /home/addinedu/dev_ws/ros/install/my_first_package/lib/my_first_package
[1.627s] Installing my_subscriber script to /home/addinedu/dev_ws/ros/install/my_first_package/lib/my_first_package
[1.627s] Installing turtle_cmd_and_pose script to /home/addinedu/dev_ws/ros/install/my_first_package/lib/my_first_package
[1.628s] writing list of installed files to '/home/addinedu/dev_ws/ros/build/my_first_package/install.log'
[1.650s] Invoked command in '/home/addinedu/dev_ws/ros/src/my_first_package' returned '0': DEBUGINFOD_URLS=https://debuginfod.ubuntu.com PYTHONPATH=/home/addinedu/dev_ws/ros/build/my_first_package/prefix_override:/usr/lib/python3/dist-packages/colcon_core/task/python/colcon_distutils_commands:/home/addinedu/dev_ws/ros/install/my_first_package/lib/python3.12/site-packages:${PYTHONPATH} /usr/bin/python3 -W ignore:setup.py install is deprecated -W ignore:easy_install command is deprecated setup.py egg_info --egg-base ../../build/my_first_package build --build-base /home/addinedu/dev_ws/ros/build/my_first_package/build install --record /home/addinedu/dev_ws/ros/build/my_first_package/install.log --single-version-externally-managed install_data
