[1.027s] Invoking command in '/home/addinedu/dev_ws/ros/src/my_first_package': DEBUGINFOD_URLS=https://debuginfod.ubuntu.com PYTHONPATH=/home/addinedu/dev_ws/ros/build/my_first_package/prefix_override:/usr/lib/python3/dist-packages/colcon_core/task/python/colcon_distutils_commands:/home/addinedu/dev_ws/ros/install/my_first_package/lib/python3.12/site-packages:${PYTHONPATH} /usr/bin/python3 -W ignore:setup.py install is deprecated -W ignore:easy_install command is deprecated setup.py egg_info --egg-base ../../build/my_first_package build --build-base /home/addinedu/dev_ws/ros/build/my_first_package/build install --record /home/addinedu/dev_ws/ros/build/my_first_package/install.log --single-version-externally-managed install_data
[1.295s] running egg_info
[1.295s] creating ../../build/my_first_package/my_first_package.egg-info
[1.316s] writing ../../build/my_first_package/my_first_package.egg-info/PKG-INFO
[1.316s] writing dependency_links to ../../build/my_first_package/my_first_package.egg-info/dependency_links.txt
[1.316s] writing entry points to ../../build/my_first_package/my_first_package.egg-info/entry_points.txt
[1.316s] writing requirements to ../../build/my_first_package/my_first_package.egg-info/requires.txt
[1.317s] writing top-level names to ../../build/my_first_package/my_first_package.egg-info/top_level.txt
[1.317s] writing manifest file '../../build/my_first_package/my_first_package.egg-info/SOURCES.txt'
[1.361s] reading manifest file '../../build/my_first_package/my_first_package.egg-info/SOURCES.txt'
[1.362s] writing manifest file '../../build/my_first_package/my_first_package.egg-info/SOURCES.txt'
[1.362s] running build
[1.362s] running build_py
[1.362s] creating /home/addinedu/dev_ws/ros/build/my_first_package/build
[1.362s] creating /home/addinedu/dev_ws/ros/build/my_first_package/build/lib
[1.363s] creating /home/addinedu/dev_ws/ros/build/my_first_package/build/lib/my_first_package
[1.363s] copying my_first_package/my_service_server.py -> /home/addinedu/dev_ws/ros/build/my_first_package/build/lib/my_first_package
[1.363s] copying my_first_package/my_multi_thread.py -> /home/addinedu/dev_ws/ros/build/my_first_package/build/lib/my_first_package
[1.363s] copying my_first_package/my_subscriber.py -> /home/addinedu/dev_ws/ros/build/my_first_package/build/lib/my_first_package
[1.363s] copying my_first_package/__init__.py -> /home/addinedu/dev_ws/ros/build/my_first_package/build/lib/my_first_package
[1.363s] copying my_first_package/my_publisher.py -> /home/addinedu/dev_ws/ros/build/my_first_package/build/lib/my_first_package
[1.363s] copying my_first_package/my_first_node.py -> /home/addinedu/dev_ws/ros/build/my_first_package/build/lib/my_first_package
[1.363s] copying my_first_package/turtle_cmd_and_pose.py -> /home/addinedu/dev_ws/ros/build/my_first_package/build/lib/my_first_package
[1.363s] copying my_first_package/dist_turtle_action_server.py -> /home/addinedu/dev_ws/ros/build/my_first_package/build/lib/my_first_package
[1.364s] running install
[1.369s] running install_lib
[1.392s] creating /home/addinedu/dev_ws/ros/install/my_first_package/lib/python3.12/site-packages/my_first_package
[1.392s] copying /home/addinedu/dev_ws/ros/build/my_first_package/build/lib/my_first_package/my_service_server.py -> /home/addinedu/dev_ws/ros/install/my_first_package/lib/python3.12/site-packages/my_first_package
[1.392s] copying /home/addinedu/dev_ws/ros/build/my_first_package/build/lib/my_first_package/my_multi_thread.py -> /home/addinedu/dev_ws/ros/install/my_first_package/lib/python3.12/site-packages/my_first_package
[1.392s] copying /home/addinedu/dev_ws/ros/build/my_first_package/build/lib/my_first_package/my_subscriber.py -> /home/addinedu/dev_ws/ros/install/my_first_package/lib/python3.12/site-packages/my_first_package
[1.392s] copying /home/addinedu/dev_ws/ros/build/my_first_package/build/lib/my_first_package/__init__.py -> /home/addinedu/dev_ws/ros/install/my_first_package/lib/python3.12/site-packages/my_first_package
[1.392s] copying /home/addinedu/dev_ws/ros/build/my_first_package/build/lib/my_first_package/my_publisher.py -> /home/addinedu/dev_ws/ros/install/my_first_package/lib/python3.12/site-packages/my_first_package
[1.392s] copying /home/addinedu/dev_ws/ros/build/my_first_package/build/lib/my_first_package/my_first_node.py -> /home/addinedu/dev_ws/ros/install/my_first_package/lib/python3.12/site-packages/my_first_package
[1.392s] copying /home/addinedu/dev_ws/ros/build/my_first_package/build/lib/my_first_package/turtle_cmd_and_pose.py -> /home/addinedu/dev_ws/ros/install/my_first_package/lib/python3.12/site-packages/my_first_package
[1.393s] copying /home/addinedu/dev_ws/ros/build/my_first_package/build/lib/my_first_package/dist_turtle_action_server.py -> /home/addinedu/dev_ws/ros/install/my_first_package/lib/python3.12/site-packages/my_first_package
[1.393s] byte-compiling /home/addinedu/dev_ws/ros/install/my_first_package/lib/python3.12/site-packages/my_first_package/my_service_server.py to my_service_server.cpython-312.pyc
[1.393s] byte-compiling /home/addinedu/dev_ws/ros/install/my_first_package/lib/python3.12/site-packages/my_first_package/my_multi_thread.py to my_multi_thread.cpython-312.pyc
[1.394s] byte-compiling /home/addinedu/dev_ws/ros/install/my_first_package/lib/python3.12/site-packages/my_first_package/my_subscriber.py to my_subscriber.cpython-312.pyc
[1.394s] byte-compiling /home/addinedu/dev_ws/ros/install/my_first_package/lib/python3.12/site-packages/my_first_package/__init__.py to __init__.cpython-312.pyc
[1.394s] byte-compiling /home/addinedu/dev_ws/ros/install/my_first_package/lib/python3.12/site-packages/my_first_package/my_publisher.py to my_publisher.cpython-312.pyc
[1.395s] byte-compiling /home/addinedu/dev_ws/ros/install/my_first_package/lib/python3.12/site-packages/my_first_package/my_first_node.py to my_first_node.cpython-312.pyc
[1.395s] byte-compiling /home/addinedu/dev_ws/ros/install/my_first_package/lib/python3.12/site-packages/my_first_package/turtle_cmd_and_pose.py to turtle_cmd_and_pose.cpython-312.pyc
[1.395s] byte-compiling /home/addinedu/dev_ws/ros/install/my_first_package/lib/python3.12/site-packages/my_first_package/dist_turtle_action_server.py to dist_turtle_action_server.cpython-312.pyc
[1.396s] running install_data
[1.396s] creating /home/addinedu/dev_ws/ros/install/my_first_package/share/ament_index
[1.397s] creating /home/addinedu/dev_ws/ros/install/my_first_package/share/ament_index/resource_index
[1.397s] creating /home/addinedu/dev_ws/ros/install/my_first_package/share/ament_index/resource_index/packages
[1.397s] copying resource/my_first_package -> /home/addinedu/dev_ws/ros/install/my_first_package/share/ament_index/resource_index/packages
[1.397s] copying package.xml -> /home/addinedu/dev_ws/ros/install/my_first_package/share/my_first_package
[1.397s] creating /home/addinedu/dev_ws/ros/install/my_first_package/share/my_first_package/launch
[1.397s] copying launch/turtlesim_and_teleop.launch.xml -> /home/addinedu/dev_ws/ros/install/my_first_package/share/my_first_package/launch
[1.397s] copying launch/dist_turtle_action.launch.py -> /home/addinedu/dev_ws/ros/install/my_first_package/share/my_first_package/launch
[1.397s] copying launch/turtlesim_and_teleop.launch.py -> /home/addinedu/dev_ws/ros/install/my_first_package/share/my_first_package/launch
[1.397s] running install_egg_info
[1.420s] Copying ../../build/my_first_package/my_first_package.egg-info to /home/addinedu/dev_ws/ros/install/my_first_package/lib/python3.12/site-packages/my_first_package-0.0.0-py3.12.egg-info
[1.420s] running install_scripts
[1.556s] Installing dist_turtle_action_server script to /home/addinedu/dev_ws/ros/install/my_first_package/lib/my_first_package
[1.556s] Installing my_first_node script to /home/addinedu/dev_ws/ros/install/my_first_package/lib/my_first_package
[1.556s] Installing my_multi_thread script to /home/addinedu/dev_ws/ros/install/my_first_package/lib/my_first_package
[1.556s] Installing my_publisher script to /home/addinedu/dev_ws/ros/install/my_first_package/lib/my_first_package
[1.556s] Installing my_service_server script to /home/addinedu/dev_ws/ros/install/my_first_package/lib/my_first_package
[1.556s] Installing my_subscriber script to /home/addinedu/dev_ws/ros/install/my_first_package/lib/my_first_package
[1.556s] Installing turtle_cmd_and_pose script to /home/addinedu/dev_ws/ros/install/my_first_package/lib/my_first_package
[1.557s] writing list of installed files to '/home/addinedu/dev_ws/ros/build/my_first_package/install.log'
[1.592s] Invoked command in '/home/addinedu/dev_ws/ros/src/my_first_package' returned '0': DEBUGINFOD_URLS=https://debuginfod.ubuntu.com PYTHONPATH=/home/addinedu/dev_ws/ros/build/my_first_package/prefix_override:/usr/lib/python3/dist-packages/colcon_core/task/python/colcon_distutils_commands:/home/addinedu/dev_ws/ros/install/my_first_package/lib/python3.12/site-packages:${PYTHONPATH} /usr/bin/python3 -W ignore:setup.py install is deprecated -W ignore:easy_install command is deprecated setup.py egg_info --egg-base ../../build/my_first_package build --build-base /home/addinedu/dev_ws/ros/build/my_first_package/build install --record /home/addinedu/dev_ws/ros/build/my_first_package/install.log --single-version-externally-managed install_data
