[1.073s] Invoking command in '/home/addinedu/dev_ws/ros/src/my_tf_tutorials/my_tf': DEBUGINFOD_URLS=https://debuginfod.ubuntu.com PYTHONPATH=/home/addinedu/dev_ws/ros/build/my_tf/prefix_override:/usr/lib/python3/dist-packages/colcon_core/task/python/colcon_distutils_commands:/home/addinedu/dev_ws/ros/install/my_tf/lib/python3.12/site-packages:${PYTHONPATH} /usr/bin/python3 -W ignore:setup.py install is deprecated -W ignore:easy_install command is deprecated setup.py egg_info --egg-base ../../../build/my_tf build --build-base /home/addinedu/dev_ws/ros/build/my_tf/build install --record /home/addinedu/dev_ws/ros/build/my_tf/install.log --single-version-externally-managed install_data
[1.340s] running egg_info
[1.360s] writing ../../../build/my_tf/my_tf.egg-info/PKG-INFO
[1.360s] writing dependency_links to ../../../build/my_tf/my_tf.egg-info/dependency_links.txt
[1.360s] writing entry points to ../../../build/my_tf/my_tf.egg-info/entry_points.txt
[1.361s] writing requirements to ../../../build/my_tf/my_tf.egg-info/requires.txt
[1.361s] writing top-level names to ../../../build/my_tf/my_tf.egg-info/top_level.txt
[1.403s] reading manifest file '../../../build/my_tf/my_tf.egg-info/SOURCES.txt'
[1.404s] writing manifest file '../../../build/my_tf/my_tf.egg-info/SOURCES.txt'
[1.404s] running build
[1.404s] running build_py
[1.404s] copying my_tf/frame_trail_publisher_nav.py -> /home/addinedu/dev_ws/ros/build/my_tf/build/lib/my_tf
[1.405s] running install
[1.410s] running install_lib
[1.432s] copying /home/addinedu/dev_ws/ros/build/my_tf/build/lib/my_tf/frame_trail_publisher_nav.py -> /home/addinedu/dev_ws/ros/install/my_tf/lib/python3.12/site-packages/my_tf
[1.432s] byte-compiling /home/addinedu/dev_ws/ros/install/my_tf/lib/python3.12/site-packages/my_tf/frame_trail_publisher_nav.py to frame_trail_publisher_nav.cpython-312.pyc
[1.433s] running install_data
[1.433s] running install_egg_info
[1.456s] removing '/home/addinedu/dev_ws/ros/install/my_tf/lib/python3.12/site-packages/my_tf-0.0.0-py3.12.egg-info' (and everything under it)
[1.456s] Copying ../../../build/my_tf/my_tf.egg-info to /home/addinedu/dev_ws/ros/install/my_tf/lib/python3.12/site-packages/my_tf-0.0.0-py3.12.egg-info
[1.457s] running install_scripts
[1.585s] Installing child_frame script to /home/addinedu/dev_ws/ros/install/my_tf/lib/my_tf
[1.585s] Installing combined_frame script to /home/addinedu/dev_ws/ros/install/my_tf/lib/my_tf
[1.585s] Installing distance_world_child_publisher script to /home/addinedu/dev_ws/ros/install/my_tf/lib/my_tf
[1.585s] Installing frame_trail_publisher_marker script to /home/addinedu/dev_ws/ros/install/my_tf/lib/my_tf
[1.585s] Installing frame_trail_publisher_marker_2 script to /home/addinedu/dev_ws/ros/install/my_tf/lib/my_tf
[1.585s] Installing frame_trail_publisher_nav script to /home/addinedu/dev_ws/ros/install/my_tf/lib/my_tf
[1.585s] Installing frame_trail_publisher_nav_2 script to /home/addinedu/dev_ws/ros/install/my_tf/lib/my_tf
[1.586s] Installing frame_trail_publisher_nav_3 script to /home/addinedu/dev_ws/ros/install/my_tf/lib/my_tf
[1.586s] Installing my_tf_1 script to /home/addinedu/dev_ws/ros/install/my_tf/lib/my_tf
[1.586s] Installing my_tf_2 script to /home/addinedu/dev_ws/ros/install/my_tf/lib/my_tf
[1.586s] writing list of installed files to '/home/addinedu/dev_ws/ros/build/my_tf/install.log'
[1.612s] Invoked command in '/home/addinedu/dev_ws/ros/src/my_tf_tutorials/my_tf' returned '0': DEBUGINFOD_URLS=https://debuginfod.ubuntu.com PYTHONPATH=/home/addinedu/dev_ws/ros/build/my_tf/prefix_override:/usr/lib/python3/dist-packages/colcon_core/task/python/colcon_distutils_commands:/home/addinedu/dev_ws/ros/install/my_tf/lib/python3.12/site-packages:${PYTHONPATH} /usr/bin/python3 -W ignore:setup.py install is deprecated -W ignore:easy_install command is deprecated setup.py egg_info --egg-base ../../../build/my_tf build --build-base /home/addinedu/dev_ws/ros/build/my_tf/build install --record /home/addinedu/dev_ws/ros/build/my_tf/install.log --single-version-externally-managed install_data
