[0.996s] Invoking command in '/home/addinedu/dev_ws/ros/src/my_first_package': DEBUGINFOD_URLS=https://debuginfod.ubuntu.com PYTHONPATH=/home/addinedu/dev_ws/ros/build/my_first_package/prefix_override:/usr/lib/python3/dist-packages/colcon_core/task/python/colcon_distutils_commands:/home/addinedu/dev_ws/ros/install/my_first_package/lib/python3.12/site-packages:${PYTHONPATH} /usr/bin/python3 -W ignore:setup.py install is deprecated -W ignore:easy_install command is deprecated setup.py egg_info --egg-base ../../build/my_first_package build --build-base /home/addinedu/dev_ws/ros/build/my_first_package/build install --record /home/addinedu/dev_ws/ros/build/my_first_package/install.log --single-version-externally-managed install_data
[1.241s] running egg_info
[1.260s] writing ../../build/my_first_package/my_first_package.egg-info/PKG-INFO
[1.261s] writing dependency_links to ../../build/my_first_package/my_first_package.egg-info/dependency_links.txt
[1.261s] writing entry points to ../../build/my_first_package/my_first_package.egg-info/entry_points.txt
[1.261s] writing requirements to ../../build/my_first_package/my_first_package.egg-info/requires.txt
[1.261s] writing top-level names to ../../build/my_first_package/my_first_package.egg-info/top_level.txt
[1.301s] reading manifest file '../../build/my_first_package/my_first_package.egg-info/SOURCES.txt'
[1.302s] writing manifest file '../../build/my_first_package/my_first_package.egg-info/SOURCES.txt'
[1.302s] running build
[1.302s] running build_py
[1.302s] running install
[1.308s] running install_lib
[1.330s] running install_data
[1.330s] running install_egg_info
[1.350s] removing '/home/addinedu/dev_ws/ros/install/my_first_package/lib/python3.12/site-packages/my_first_package-0.0.0-py3.12.egg-info' (and everything under it)
[1.351s] Copying ../../build/my_first_package/my_first_package.egg-info to /home/addinedu/dev_ws/ros/install/my_first_package/lib/python3.12/site-packages/my_first_package-0.0.0-py3.12.egg-info
[1.351s] running install_scripts
[1.474s] Installing dist_turtle_action_server script to /home/addinedu/dev_ws/ros/install/my_first_package/lib/my_first_package
[1.474s] Installing my_first_node script to /home/addinedu/dev_ws/ros/install/my_first_package/lib/my_first_package
[1.475s] Installing my_multi_thread script to /home/addinedu/dev_ws/ros/install/my_first_package/lib/my_first_package
[1.475s] Installing my_publisher script to /home/addinedu/dev_ws/ros/install/my_first_package/lib/my_first_package
[1.475s] Installing my_service_server script to /home/addinedu/dev_ws/ros/install/my_first_package/lib/my_first_package
[1.475s] Installing my_subscriber script to /home/addinedu/dev_ws/ros/install/my_first_package/lib/my_first_package
[1.475s] Installing turtle_cmd_and_pose script to /home/addinedu/dev_ws/ros/install/my_first_package/lib/my_first_package
[1.475s] writing list of installed files to '/home/addinedu/dev_ws/ros/build/my_first_package/install.log'
[1.503s] Invoked command in '/home/addinedu/dev_ws/ros/src/my_first_package' returned '0': DEBUGINFOD_URLS=https://debuginfod.ubuntu.com PYTHONPATH=/home/addinedu/dev_ws/ros/build/my_first_package/prefix_override:/usr/lib/python3/dist-packages/colcon_core/task/python/colcon_distutils_commands:/home/addinedu/dev_ws/ros/install/my_first_package/lib/python3.12/site-packages:${PYTHONPATH} /usr/bin/python3 -W ignore:setup.py install is deprecated -W ignore:easy_install command is deprecated setup.py egg_info --egg-base ../../build/my_first_package build --build-base /home/addinedu/dev_ws/ros/build/my_first_package/build install --record /home/addinedu/dev_ws/ros/build/my_first_package/install.log --single-version-externally-managed install_data
