[0.775s] Invoking command in '/home/addinedu/dev_ws/ros/build/my_tf': DEBUGINFOD_URLS=https://debuginfod.ubuntu.com PYTHONPATH=/home/addinedu/dev_ws/ros/build/my_tf/prefix_override:/usr/lib/python3/dist-packages/colcon_core/task/python/colcon_distutils_commands:/home/addinedu/dev_ws/ros/install/my_tf/lib/python3.12/site-packages:${PYTHONPATH} /usr/bin/python3 -W ignore:setup.py install is deprecated -W ignore:easy_install command is deprecated setup.py develop --editable --build-directory /home/addinedu/dev_ws/ros/build/my_tf/build --no-deps symlink_data
[1.094s] running develop
[1.306s] /usr/lib/python3/dist-packages/setuptools/command/easy_install.py:363: UserWarning: Unbuilt egg for pytest-repeat [unknown version] (/usr/lib/python3/dist-packages)
[1.306s]   self.local_index = Environment(self.shadow_path + sys.path)
[1.347s] running egg_info
[1.347s] creating my_tf.egg-info
[1.372s] writing my_tf.egg-info/PKG-INFO
[1.373s] writing dependency_links to my_tf.egg-info/dependency_links.txt
[1.373s] writing entry points to my_tf.egg-info/entry_points.txt
[1.373s] writing requirements to my_tf.egg-info/requires.txt
[1.373s] writing top-level names to my_tf.egg-info/top_level.txt
[1.373s] writing manifest file 'my_tf.egg-info/SOURCES.txt'
[1.426s] reading manifest file 'my_tf.egg-info/SOURCES.txt'
[1.427s] writing manifest file 'my_tf.egg-info/SOURCES.txt'
[1.455s] running build_ext
[1.455s] Creating /home/addinedu/dev_ws/ros/install/my_tf/lib/python3.12/site-packages/my-tf.egg-link (link to .)
[1.455s] Installing child_frame script to /home/addinedu/dev_ws/ros/install/my_tf/lib/my_tf
[1.455s] Installing combined_frame script to /home/addinedu/dev_ws/ros/install/my_tf/lib/my_tf
[1.456s] Installing distance_world_child_publisher script to /home/addinedu/dev_ws/ros/install/my_tf/lib/my_tf
[1.456s] Installing frame_trail_publisher_marker script to /home/addinedu/dev_ws/ros/install/my_tf/lib/my_tf
[1.456s] Installing frame_trail_publisher_marker_2 script to /home/addinedu/dev_ws/ros/install/my_tf/lib/my_tf
[1.456s] Installing frame_trail_publisher_nav script to /home/addinedu/dev_ws/ros/install/my_tf/lib/my_tf
[1.456s] Installing frame_trail_publisher_nav_2 script to /home/addinedu/dev_ws/ros/install/my_tf/lib/my_tf
[1.456s] Installing frame_trail_publisher_nav_3 script to /home/addinedu/dev_ws/ros/install/my_tf/lib/my_tf
[1.456s] Installing my_tf_1 script to /home/addinedu/dev_ws/ros/install/my_tf/lib/my_tf
[1.456s] Installing my_tf_2 script to /home/addinedu/dev_ws/ros/install/my_tf/lib/my_tf
[1.456s] 
[1.456s] Installed /home/addinedu/dev_ws/ros/build/my_tf
[1.456s] running symlink_data
[1.457s] creating /home/addinedu/dev_ws/ros/install/my_tf/share/ament_index
[1.457s] creating /home/addinedu/dev_ws/ros/install/my_tf/share/ament_index/resource_index
[1.457s] creating /home/addinedu/dev_ws/ros/install/my_tf/share/ament_index/resource_index/packages
[1.457s] symbolically linking /home/addinedu/dev_ws/ros/build/my_tf/resource/my_tf -> /home/addinedu/dev_ws/ros/install/my_tf/share/ament_index/resource_index/packages
[1.457s] symbolically linking /home/addinedu/dev_ws/ros/build/my_tf/package.xml -> /home/addinedu/dev_ws/ros/install/my_tf/share/my_tf
[1.519s] Invoked command in '/home/addinedu/dev_ws/ros/build/my_tf' returned '0': DEBUGINFOD_URLS=https://debuginfod.ubuntu.com PYTHONPATH=/home/addinedu/dev_ws/ros/build/my_tf/prefix_override:/usr/lib/python3/dist-packages/colcon_core/task/python/colcon_distutils_commands:/home/addinedu/dev_ws/ros/install/my_tf/lib/python3.12/site-packages:${PYTHONPATH} /usr/bin/python3 -W ignore:setup.py install is deprecated -W ignore:easy_install command is deprecated setup.py develop --editable --build-directory /home/addinedu/dev_ws/ros/build/my_tf/build --no-deps symlink_data
