[  1%] Built target my_first_package_msgs__rosidl_generator_type_description
[  1%] Built target ament_cmake_python_copy_my_first_package_msgs
[  3%] Built target my_first_package_msgs__cpp
[ 24%] Built target my_first_package_msgs__rosidl_generator_c
[ 33%] Built target my_first_package_msgs__rosidl_typesupport_introspection_cpp
[ 42%] Built target my_first_package_msgs__rosidl_typesupport_introspection_c
[ 51%] Built target my_first_package_msgs__rosidl_typesupport_c
[ 61%] Built target my_first_package_msgs__rosidl_typesupport_fastrtps_cpp
[ 70%] Built target my_first_package_msgs__rosidl_typesupport_cpp
[ 79%] Built target my_first_package_msgs__rosidl_typesupport_fastrtps_c
[ 79%] Built target my_first_package_msgs
[ 81%] Built target my_first_package_msgs__py
[ 88%] Built target my_first_package_msgs__rosidl_generator_py
[100%] Built target my_first_package_msgs_s__rosidl_typesupport_c
[100%] Built target my_first_package_msgs_s__rosidl_typesupport_introspection_c
[100%] Built target my_first_package_msgs_s__rosidl_typesupport_fastrtps_c
running egg_info
writing my_first_package_msgs.egg-info/PKG-INFO
writing dependency_links to my_first_package_msgs.egg-info/dependency_links.txt
writing top-level names to my_first_package_msgs.egg-info/top_level.txt
reading manifest file 'my_first_package_msgs.egg-info/SOURCES.txt'
writing manifest file 'my_first_package_msgs.egg-info/SOURCES.txt'
[100%] Built target ament_cmake_python_build_my_first_package_msgs_egg
-- Install configuration: ""
-- Up-to-date: /home/addinedu/dev_ws/ros/install/my_first_package_msgs/share/ament_index/resource_index/rosidl_interfaces/my_first_package_msgs
-- Up-to-date: /home/addinedu/dev_ws/ros/install/my_first_package_msgs/share/my_first_package_msgs/msg/CmdAndPoseVel.json
-- Up-to-date: /home/addinedu/dev_ws/ros/install/my_first_package_msgs/share/my_first_package_msgs/srv/MultiSpawn.json
-- Up-to-date: /home/addinedu/dev_ws/ros/install/my_first_package_msgs/share/my_first_package_msgs/action/DistTurtle.json
-- Up-to-date: /home/addinedu/dev_ws/ros/install/my_first_package_msgs/include/my_first_package_msgs/my_first_package_msgs
-- Up-to-date: /home/addinedu/dev_ws/ros/install/my_first_package_msgs/include/my_first_package_msgs/my_first_package_msgs/action
-- Up-to-date: /home/addinedu/dev_ws/ros/install/my_first_package_msgs/include/my_first_package_msgs/my_first_package_msgs/action/detail
-- Up-to-date: /home/addinedu/dev_ws/ros/install/my_first_package_msgs/include/my_first_package_msgs/my_first_package_msgs/action/detail/dist_turtle__description.c
-- Up-to-date: /home/addinedu/dev_ws/ros/install/my_first_package_msgs/include/my_first_package_msgs/my_first_package_msgs/action/detail/dist_turtle__type_support.h
-- Up-to-date: /home/addinedu/dev_ws/ros/install/my_first_package_msgs/include/my_first_package_msgs/my_first_package_msgs/action/detail/dist_turtle__struct.h
-- Up-to-date: /home/addinedu/dev_ws/ros/install/my_first_package_msgs/include/my_first_package_msgs/my_first_package_msgs/action/detail/dist_turtle__type_support.c
-- Up-to-date: /home/addinedu/dev_ws/ros/install/my_first_package_msgs/include/my_first_package_msgs/my_first_package_msgs/action/detail/dist_turtle__functions.c
-- Up-to-date: /home/addinedu/dev_ws/ros/install/my_first_package_msgs/include/my_first_package_msgs/my_first_package_msgs/action/detail/dist_turtle__functions.h
-- Up-to-date: /home/addinedu/dev_ws/ros/install/my_first_package_msgs/include/my_first_package_msgs/my_first_package_msgs/action/dist_turtle.h
-- Up-to-date: /home/addinedu/dev_ws/ros/install/my_first_package_msgs/include/my_first_package_msgs/my_first_package_msgs/msg
-- Up-to-date: /home/addinedu/dev_ws/ros/install/my_first_package_msgs/include/my_first_package_msgs/my_first_package_msgs/msg/cmd_and_pose_vel.h
-- Up-to-date: /home/addinedu/dev_ws/ros/install/my_first_package_msgs/include/my_first_package_msgs/my_first_package_msgs/msg/detail
-- Up-to-date: /home/addinedu/dev_ws/ros/install/my_first_package_msgs/include/my_first_package_msgs/my_first_package_msgs/msg/detail/cmd_and_pose_vel__functions.h
-- Up-to-date: /home/addinedu/dev_ws/ros/install/my_first_package_msgs/include/my_first_package_msgs/my_first_package_msgs/msg/detail/cmd_and_pose_vel__type_support.h
-- Up-to-date: /home/addinedu/dev_ws/ros/install/my_first_package_msgs/include/my_first_package_msgs/my_first_package_msgs/msg/detail/cmd_and_pose_vel__description.c
-- Up-to-date: /home/addinedu/dev_ws/ros/install/my_first_package_msgs/include/my_first_package_msgs/my_first_package_msgs/msg/detail/cmd_and_pose_vel__type_support.c
-- Up-to-date: /home/addinedu/dev_ws/ros/install/my_first_package_msgs/include/my_first_package_msgs/my_first_package_msgs/msg/detail/cmd_and_pose_vel__functions.c
-- Up-to-date: /home/addinedu/dev_ws/ros/install/my_first_package_msgs/include/my_first_package_msgs/my_first_package_msgs/msg/detail/cmd_and_pose_vel__struct.h
-- Up-to-date: /home/addinedu/dev_ws/ros/install/my_first_package_msgs/include/my_first_package_msgs/my_first_package_msgs/msg/rosidl_generator_c__visibility_control.h
-- Up-to-date: /home/addinedu/dev_ws/ros/install/my_first_package_msgs/include/my_first_package_msgs/my_first_package_msgs/srv
-- Up-to-date: /home/addinedu/dev_ws/ros/install/my_first_package_msgs/include/my_first_package_msgs/my_first_package_msgs/srv/detail
-- Up-to-date: /home/addinedu/dev_ws/ros/install/my_first_package_msgs/include/my_first_package_msgs/my_first_package_msgs/srv/detail/multi_spawn__functions.c
-- Up-to-date: /home/addinedu/dev_ws/ros/install/my_first_package_msgs/include/my_first_package_msgs/my_first_package_msgs/srv/detail/multi_spawn__description.c
-- Up-to-date: /home/addinedu/dev_ws/ros/install/my_first_package_msgs/include/my_first_package_msgs/my_first_package_msgs/srv/detail/multi_spawn__struct.h
-- Up-to-date: /home/addinedu/dev_ws/ros/install/my_first_package_msgs/include/my_first_package_msgs/my_first_package_msgs/srv/detail/multi_spawn__functions.h
-- Up-to-date: /home/addinedu/dev_ws/ros/install/my_first_package_msgs/include/my_first_package_msgs/my_first_package_msgs/srv/detail/multi_spawn__type_support.h
-- Up-to-date: /home/addinedu/dev_ws/ros/install/my_first_package_msgs/include/my_first_package_msgs/my_first_package_msgs/srv/detail/multi_spawn__type_support.c
-- Up-to-date: /home/addinedu/dev_ws/ros/install/my_first_package_msgs/include/my_first_package_msgs/my_first_package_msgs/srv/multi_spawn.h
-- Up-to-date: /home/addinedu/dev_ws/ros/install/my_first_package_msgs/share/my_first_package_msgs/environment/library_path.sh
-- Up-to-date: /home/addinedu/dev_ws/ros/install/my_first_package_msgs/share/my_first_package_msgs/environment/library_path.dsv
-- Up-to-date: /home/addinedu/dev_ws/ros/install/my_first_package_msgs/lib/libmy_first_package_msgs__rosidl_generator_c.so
-- Up-to-date: /home/addinedu/dev_ws/ros/install/my_first_package_msgs/include/my_first_package_msgs/my_first_package_msgs
-- Up-to-date: /home/addinedu/dev_ws/ros/install/my_first_package_msgs/include/my_first_package_msgs/my_first_package_msgs/action
-- Up-to-date: /home/addinedu/dev_ws/ros/install/my_first_package_msgs/include/my_first_package_msgs/my_first_package_msgs/action/detail
-- Up-to-date: /home/addinedu/dev_ws/ros/install/my_first_package_msgs/include/my_first_package_msgs/my_first_package_msgs/action/detail/dist_turtle__rosidl_typesupport_fastrtps_c.h
-- Up-to-date: /home/addinedu/dev_ws/ros/install/my_first_package_msgs/include/my_first_package_msgs/my_first_package_msgs/msg
-- Up-to-date: /home/addinedu/dev_ws/ros/install/my_first_package_msgs/include/my_first_package_msgs/my_first_package_msgs/msg/rosidl_typesupport_fastrtps_c__visibility_control.h
-- Up-to-date: /home/addinedu/dev_ws/ros/install/my_first_package_msgs/include/my_first_package_msgs/my_first_package_msgs/msg/detail
-- Up-to-date: /home/addinedu/dev_ws/ros/install/my_first_package_msgs/include/my_first_package_msgs/my_first_package_msgs/msg/detail/cmd_and_pose_vel__rosidl_typesupport_fastrtps_c.h
-- Up-to-date: /home/addinedu/dev_ws/ros/install/my_first_package_msgs/include/my_first_package_msgs/my_first_package_msgs/srv
-- Up-to-date: /home/addinedu/dev_ws/ros/install/my_first_package_msgs/include/my_first_package_msgs/my_first_package_msgs/srv/detail
-- Up-to-date: /home/addinedu/dev_ws/ros/install/my_first_package_msgs/include/my_first_package_msgs/my_first_package_msgs/srv/detail/multi_spawn__rosidl_typesupport_fastrtps_c.h
-- Up-to-date: /home/addinedu/dev_ws/ros/install/my_first_package_msgs/lib/libmy_first_package_msgs__rosidl_typesupport_fastrtps_c.so
-- Up-to-date: /home/addinedu/dev_ws/ros/install/my_first_package_msgs/include/my_first_package_msgs/my_first_package_msgs
-- Up-to-date: /home/addinedu/dev_ws/ros/install/my_first_package_msgs/include/my_first_package_msgs/my_first_package_msgs/action
-- Up-to-date: /home/addinedu/dev_ws/ros/install/my_first_package_msgs/include/my_first_package_msgs/my_first_package_msgs/action/detail
-- Up-to-date: /home/addinedu/dev_ws/ros/install/my_first_package_msgs/include/my_first_package_msgs/my_first_package_msgs/action/detail/dist_turtle__rosidl_typesupport_introspection_c.h
-- Up-to-date: /home/addinedu/dev_ws/ros/install/my_first_package_msgs/include/my_first_package_msgs/my_first_package_msgs/action/detail/dist_turtle__type_support.c
-- Up-to-date: /home/addinedu/dev_ws/ros/install/my_first_package_msgs/include/my_first_package_msgs/my_first_package_msgs/msg
-- Up-to-date: /home/addinedu/dev_ws/ros/install/my_first_package_msgs/include/my_first_package_msgs/my_first_package_msgs/msg/rosidl_typesupport_introspection_c__visibility_control.h
-- Up-to-date: /home/addinedu/dev_ws/ros/install/my_first_package_msgs/include/my_first_package_msgs/my_first_package_msgs/msg/detail
-- Up-to-date: /home/addinedu/dev_ws/ros/install/my_first_package_msgs/include/my_first_package_msgs/my_first_package_msgs/msg/detail/cmd_and_pose_vel__rosidl_typesupport_introspection_c.h
-- Up-to-date: /home/addinedu/dev_ws/ros/install/my_first_package_msgs/include/my_first_package_msgs/my_first_package_msgs/msg/detail/cmd_and_pose_vel__type_support.c
-- Up-to-date: /home/addinedu/dev_ws/ros/install/my_first_package_msgs/include/my_first_package_msgs/my_first_package_msgs/srv
-- Up-to-date: /home/addinedu/dev_ws/ros/install/my_first_package_msgs/include/my_first_package_msgs/my_first_package_msgs/srv/detail
-- Up-to-date: /home/addinedu/dev_ws/ros/install/my_first_package_msgs/include/my_first_package_msgs/my_first_package_msgs/srv/detail/multi_spawn__rosidl_typesupport_introspection_c.h
-- Up-to-date: /home/addinedu/dev_ws/ros/install/my_first_package_msgs/include/my_first_package_msgs/my_first_package_msgs/srv/detail/multi_spawn__type_support.c
-- Up-to-date: /home/addinedu/dev_ws/ros/install/my_first_package_msgs/lib/libmy_first_package_msgs__rosidl_typesupport_introspection_c.so
-- Up-to-date: /home/addinedu/dev_ws/ros/install/my_first_package_msgs/lib/libmy_first_package_msgs__rosidl_typesupport_c.so
-- Up-to-date: /home/addinedu/dev_ws/ros/install/my_first_package_msgs/include/my_first_package_msgs/my_first_package_msgs
-- Up-to-date: /home/addinedu/dev_ws/ros/install/my_first_package_msgs/include/my_first_package_msgs/my_first_package_msgs/action
-- Up-to-date: /home/addinedu/dev_ws/ros/install/my_first_package_msgs/include/my_first_package_msgs/my_first_package_msgs/action/dist_turtle.hpp
-- Up-to-date: /home/addinedu/dev_ws/ros/install/my_first_package_msgs/include/my_first_package_msgs/my_first_package_msgs/action/detail
-- Up-to-date: /home/addinedu/dev_ws/ros/install/my_first_package_msgs/include/my_first_package_msgs/my_first_package_msgs/action/detail/dist_turtle__builder.hpp
-- Up-to-date: /home/addinedu/dev_ws/ros/install/my_first_package_msgs/include/my_first_package_msgs/my_first_package_msgs/action/detail/dist_turtle__traits.hpp
-- Up-to-date: /home/addinedu/dev_ws/ros/install/my_first_package_msgs/include/my_first_package_msgs/my_first_package_msgs/action/detail/dist_turtle__struct.hpp
-- Up-to-date: /home/addinedu/dev_ws/ros/install/my_first_package_msgs/include/my_first_package_msgs/my_first_package_msgs/action/detail/dist_turtle__type_support.hpp
-- Up-to-date: /home/addinedu/dev_ws/ros/install/my_first_package_msgs/include/my_first_package_msgs/my_first_package_msgs/msg
-- Up-to-date: /home/addinedu/dev_ws/ros/install/my_first_package_msgs/include/my_first_package_msgs/my_first_package_msgs/msg/cmd_and_pose_vel.hpp
-- Up-to-date: /home/addinedu/dev_ws/ros/install/my_first_package_msgs/include/my_first_package_msgs/my_first_package_msgs/msg/rosidl_generator_cpp__visibility_control.hpp
-- Up-to-date: /home/addinedu/dev_ws/ros/install/my_first_package_msgs/include/my_first_package_msgs/my_first_package_msgs/msg/detail
-- Up-to-date: /home/addinedu/dev_ws/ros/install/my_first_package_msgs/include/my_first_package_msgs/my_first_package_msgs/msg/detail/cmd_and_pose_vel__struct.hpp
-- Up-to-date: /home/addinedu/dev_ws/ros/install/my_first_package_msgs/include/my_first_package_msgs/my_first_package_msgs/msg/detail/cmd_and_pose_vel__type_support.hpp
-- Up-to-date: /home/addinedu/dev_ws/ros/install/my_first_package_msgs/include/my_first_package_msgs/my_first_package_msgs/msg/detail/cmd_and_pose_vel__traits.hpp
-- Up-to-date: /home/addinedu/dev_ws/ros/install/my_first_package_msgs/include/my_first_package_msgs/my_first_package_msgs/msg/detail/cmd_and_pose_vel__builder.hpp
-- Up-to-date: /home/addinedu/dev_ws/ros/install/my_first_package_msgs/include/my_first_package_msgs/my_first_package_msgs/srv
-- Up-to-date: /home/addinedu/dev_ws/ros/install/my_first_package_msgs/include/my_first_package_msgs/my_first_package_msgs/srv/multi_spawn.hpp
-- Up-to-date: /home/addinedu/dev_ws/ros/install/my_first_package_msgs/include/my_first_package_msgs/my_first_package_msgs/srv/detail
-- Up-to-date: /home/addinedu/dev_ws/ros/install/my_first_package_msgs/include/my_first_package_msgs/my_first_package_msgs/srv/detail/multi_spawn__struct.hpp
-- Up-to-date: /home/addinedu/dev_ws/ros/install/my_first_package_msgs/include/my_first_package_msgs/my_first_package_msgs/srv/detail/multi_spawn__builder.hpp
-- Up-to-date: /home/addinedu/dev_ws/ros/install/my_first_package_msgs/include/my_first_package_msgs/my_first_package_msgs/srv/detail/multi_spawn__traits.hpp
-- Up-to-date: /home/addinedu/dev_ws/ros/install/my_first_package_msgs/include/my_first_package_msgs/my_first_package_msgs/srv/detail/multi_spawn__type_support.hpp
-- Up-to-date: /home/addinedu/dev_ws/ros/install/my_first_package_msgs/include/my_first_package_msgs/my_first_package_msgs
-- Up-to-date: /home/addinedu/dev_ws/ros/install/my_first_package_msgs/include/my_first_package_msgs/my_first_package_msgs/action
-- Up-to-date: /home/addinedu/dev_ws/ros/install/my_first_package_msgs/include/my_first_package_msgs/my_first_package_msgs/action/detail
-- Up-to-date: /home/addinedu/dev_ws/ros/install/my_first_package_msgs/include/my_first_package_msgs/my_first_package_msgs/action/detail/dds_fastrtps
-- Up-to-date: /home/addinedu/dev_ws/ros/install/my_first_package_msgs/include/my_first_package_msgs/my_first_package_msgs/action/detail/dist_turtle__rosidl_typesupport_fastrtps_cpp.hpp
-- Up-to-date: /home/addinedu/dev_ws/ros/install/my_first_package_msgs/include/my_first_package_msgs/my_first_package_msgs/msg
-- Up-to-date: /home/addinedu/dev_ws/ros/install/my_first_package_msgs/include/my_first_package_msgs/my_first_package_msgs/msg/detail
-- Up-to-date: /home/addinedu/dev_ws/ros/install/my_first_package_msgs/include/my_first_package_msgs/my_first_package_msgs/msg/detail/cmd_and_pose_vel__rosidl_typesupport_fastrtps_cpp.hpp
-- Up-to-date: /home/addinedu/dev_ws/ros/install/my_first_package_msgs/include/my_first_package_msgs/my_first_package_msgs/msg/detail/dds_fastrtps
-- Up-to-date: /home/addinedu/dev_ws/ros/install/my_first_package_msgs/include/my_first_package_msgs/my_first_package_msgs/msg/rosidl_typesupport_fastrtps_cpp__visibility_control.h
-- Up-to-date: /home/addinedu/dev_ws/ros/install/my_first_package_msgs/include/my_first_package_msgs/my_first_package_msgs/srv
-- Up-to-date: /home/addinedu/dev_ws/ros/install/my_first_package_msgs/include/my_first_package_msgs/my_first_package_msgs/srv/detail
-- Up-to-date: /home/addinedu/dev_ws/ros/install/my_first_package_msgs/include/my_first_package_msgs/my_first_package_msgs/srv/detail/multi_spawn__rosidl_typesupport_fastrtps_cpp.hpp
-- Up-to-date: /home/addinedu/dev_ws/ros/install/my_first_package_msgs/include/my_first_package_msgs/my_first_package_msgs/srv/detail/dds_fastrtps
-- Up-to-date: /home/addinedu/dev_ws/ros/install/my_first_package_msgs/lib/libmy_first_package_msgs__rosidl_typesupport_fastrtps_cpp.so
-- Up-to-date: /home/addinedu/dev_ws/ros/install/my_first_package_msgs/include/my_first_package_msgs/my_first_package_msgs
-- Up-to-date: /home/addinedu/dev_ws/ros/install/my_first_package_msgs/include/my_first_package_msgs/my_first_package_msgs/action
-- Up-to-date: /home/addinedu/dev_ws/ros/install/my_first_package_msgs/include/my_first_package_msgs/my_first_package_msgs/action/detail
-- Up-to-date: /home/addinedu/dev_ws/ros/install/my_first_package_msgs/include/my_first_package_msgs/my_first_package_msgs/action/detail/dist_turtle__type_support.cpp
-- Up-to-date: /home/addinedu/dev_ws/ros/install/my_first_package_msgs/include/my_first_package_msgs/my_first_package_msgs/action/detail/dist_turtle__rosidl_typesupport_introspection_cpp.hpp
-- Up-to-date: /home/addinedu/dev_ws/ros/install/my_first_package_msgs/include/my_first_package_msgs/my_first_package_msgs/msg
-- Up-to-date: /home/addinedu/dev_ws/ros/install/my_first_package_msgs/include/my_first_package_msgs/my_first_package_msgs/msg/detail
-- Up-to-date: /home/addinedu/dev_ws/ros/install/my_first_package_msgs/include/my_first_package_msgs/my_first_package_msgs/msg/detail/cmd_and_pose_vel__type_support.cpp
-- Up-to-date: /home/addinedu/dev_ws/ros/install/my_first_package_msgs/include/my_first_package_msgs/my_first_package_msgs/msg/detail/cmd_and_pose_vel__rosidl_typesupport_introspection_cpp.hpp
-- Up-to-date: /home/addinedu/dev_ws/ros/install/my_first_package_msgs/include/my_first_package_msgs/my_first_package_msgs/srv
-- Up-to-date: /home/addinedu/dev_ws/ros/install/my_first_package_msgs/include/my_first_package_msgs/my_first_package_msgs/srv/detail
-- Up-to-date: /home/addinedu/dev_ws/ros/install/my_first_package_msgs/include/my_first_package_msgs/my_first_package_msgs/srv/detail/multi_spawn__rosidl_typesupport_introspection_cpp.hpp
-- Up-to-date: /home/addinedu/dev_ws/ros/install/my_first_package_msgs/include/my_first_package_msgs/my_first_package_msgs/srv/detail/multi_spawn__type_support.cpp
-- Up-to-date: /home/addinedu/dev_ws/ros/install/my_first_package_msgs/lib/libmy_first_package_msgs__rosidl_typesupport_introspection_cpp.so
-- Up-to-date: /home/addinedu/dev_ws/ros/install/my_first_package_msgs/lib/libmy_first_package_msgs__rosidl_typesupport_cpp.so
-- Up-to-date: /home/addinedu/dev_ws/ros/install/my_first_package_msgs/share/my_first_package_msgs/environment/pythonpath.sh
-- Up-to-date: /home/addinedu/dev_ws/ros/install/my_first_package_msgs/share/my_first_package_msgs/environment/pythonpath.dsv
-- Up-to-date: /home/addinedu/dev_ws/ros/install/my_first_package_msgs/lib/python3.12/site-packages/my_first_package_msgs-0.0.0-py3.12.egg-info
-- Installing: /home/addinedu/dev_ws/ros/install/my_first_package_msgs/lib/python3.12/site-packages/my_first_package_msgs-0.0.0-py3.12.egg-info/SOURCES.txt
-- Installing: /home/addinedu/dev_ws/ros/install/my_first_package_msgs/lib/python3.12/site-packages/my_first_package_msgs-0.0.0-py3.12.egg-info/dependency_links.txt
-- Installing: /home/addinedu/dev_ws/ros/install/my_first_package_msgs/lib/python3.12/site-packages/my_first_package_msgs-0.0.0-py3.12.egg-info/top_level.txt
-- Installing: /home/addinedu/dev_ws/ros/install/my_first_package_msgs/lib/python3.12/site-packages/my_first_package_msgs-0.0.0-py3.12.egg-info/PKG-INFO
-- Up-to-date: /home/addinedu/dev_ws/ros/install/my_first_package_msgs/lib/python3.12/site-packages/my_first_package_msgs
-- Up-to-date: /home/addinedu/dev_ws/ros/install/my_first_package_msgs/lib/python3.12/site-packages/my_first_package_msgs/my_first_package_msgs_s__rosidl_typesupport_introspection_c.so
-- Up-to-date: /home/addinedu/dev_ws/ros/install/my_first_package_msgs/lib/python3.12/site-packages/my_first_package_msgs/action
-- Up-to-date: /home/addinedu/dev_ws/ros/install/my_first_package_msgs/lib/python3.12/site-packages/my_first_package_msgs/action/_dist_turtle_s.c
-- Up-to-date: /home/addinedu/dev_ws/ros/install/my_first_package_msgs/lib/python3.12/site-packages/my_first_package_msgs/action/__init__.py
-- Up-to-date: /home/addinedu/dev_ws/ros/install/my_first_package_msgs/lib/python3.12/site-packages/my_first_package_msgs/action/_dist_turtle.py
-- Up-to-date: /home/addinedu/dev_ws/ros/install/my_first_package_msgs/lib/python3.12/site-packages/my_first_package_msgs/my_first_package_msgs_s__rosidl_typesupport_fastrtps_c.so
-- Up-to-date: /home/addinedu/dev_ws/ros/install/my_first_package_msgs/lib/python3.12/site-packages/my_first_package_msgs/_my_first_package_msgs_s.ep.rosidl_typesupport_fastrtps_c.c
-- Up-to-date: /home/addinedu/dev_ws/ros/install/my_first_package_msgs/lib/python3.12/site-packages/my_first_package_msgs/__init__.py
-- Up-to-date: /home/addinedu/dev_ws/ros/install/my_first_package_msgs/lib/python3.12/site-packages/my_first_package_msgs/my_first_package_msgs_s__rosidl_typesupport_c.so
-- Up-to-date: /home/addinedu/dev_ws/ros/install/my_first_package_msgs/lib/python3.12/site-packages/my_first_package_msgs/_my_first_package_msgs_s.ep.rosidl_typesupport_introspection_c.c
-- Up-to-date: /home/addinedu/dev_ws/ros/install/my_first_package_msgs/lib/python3.12/site-packages/my_first_package_msgs/msg
-- Up-to-date: /home/addinedu/dev_ws/ros/install/my_first_package_msgs/lib/python3.12/site-packages/my_first_package_msgs/msg/_cmd_and_pose_vel.py
-- Up-to-date: /home/addinedu/dev_ws/ros/install/my_first_package_msgs/lib/python3.12/site-packages/my_first_package_msgs/msg/_cmd_and_pose_vel_s.c
-- Up-to-date: /home/addinedu/dev_ws/ros/install/my_first_package_msgs/lib/python3.12/site-packages/my_first_package_msgs/msg/__init__.py
-- Up-to-date: /home/addinedu/dev_ws/ros/install/my_first_package_msgs/lib/python3.12/site-packages/my_first_package_msgs/srv
-- Up-to-date: /home/addinedu/dev_ws/ros/install/my_first_package_msgs/lib/python3.12/site-packages/my_first_package_msgs/srv/_multi_spawn_s.c
-- Up-to-date: /home/addinedu/dev_ws/ros/install/my_first_package_msgs/lib/python3.12/site-packages/my_first_package_msgs/srv/__init__.py
-- Up-to-date: /home/addinedu/dev_ws/ros/install/my_first_package_msgs/lib/python3.12/site-packages/my_first_package_msgs/srv/_multi_spawn.py
-- Up-to-date: /home/addinedu/dev_ws/ros/install/my_first_package_msgs/lib/python3.12/site-packages/my_first_package_msgs/_my_first_package_msgs_s.ep.rosidl_typesupport_c.c
Listing '/home/addinedu/dev_ws/ros/install/my_first_package_msgs/lib/python3.12/site-packages/my_first_package_msgs'...
Listing '/home/addinedu/dev_ws/ros/install/my_first_package_msgs/lib/python3.12/site-packages/my_first_package_msgs/action'...
Listing '/home/addinedu/dev_ws/ros/install/my_first_package_msgs/lib/python3.12/site-packages/my_first_package_msgs/msg'...
Listing '/home/addinedu/dev_ws/ros/install/my_first_package_msgs/lib/python3.12/site-packages/my_first_package_msgs/srv'...
-- Up-to-date: /home/addinedu/dev_ws/ros/install/my_first_package_msgs/lib/python3.12/site-packages/my_first_package_msgs/my_first_package_msgs_s__rosidl_typesupport_fastrtps_c.so
-- Up-to-date: /home/addinedu/dev_ws/ros/install/my_first_package_msgs/lib/python3.12/site-packages/my_first_package_msgs/my_first_package_msgs_s__rosidl_typesupport_introspection_c.so
-- Up-to-date: /home/addinedu/dev_ws/ros/install/my_first_package_msgs/lib/python3.12/site-packages/my_first_package_msgs/my_first_package_msgs_s__rosidl_typesupport_c.so
-- Up-to-date: /home/addinedu/dev_ws/ros/install/my_first_package_msgs/lib/libmy_first_package_msgs__rosidl_generator_py.so
-- Up-to-date: /home/addinedu/dev_ws/ros/install/my_first_package_msgs/share/my_first_package_msgs/msg/CmdAndPoseVel.idl
-- Up-to-date: /home/addinedu/dev_ws/ros/install/my_first_package_msgs/share/my_first_package_msgs/srv/MultiSpawn.idl
-- Up-to-date: /home/addinedu/dev_ws/ros/install/my_first_package_msgs/share/my_first_package_msgs/action/DistTurtle.idl
-- Up-to-date: /home/addinedu/dev_ws/ros/install/my_first_package_msgs/share/my_first_package_msgs/msg/CmdAndPoseVel.msg
-- Up-to-date: /home/addinedu/dev_ws/ros/install/my_first_package_msgs/share/my_first_package_msgs/srv/MultiSpawn.srv
-- Up-to-date: /home/addinedu/dev_ws/ros/install/my_first_package_msgs/share/my_first_package_msgs/action/DistTurtle.action
-- Up-to-date: /home/addinedu/dev_ws/ros/install/my_first_package_msgs/share/ament_index/resource_index/package_run_dependencies/my_first_package_msgs
-- Up-to-date: /home/addinedu/dev_ws/ros/install/my_first_package_msgs/share/ament_index/resource_index/parent_prefix_path/my_first_package_msgs
-- Up-to-date: /home/addinedu/dev_ws/ros/install/my_first_package_msgs/share/my_first_package_msgs/environment/ament_prefix_path.sh
-- Up-to-date: /home/addinedu/dev_ws/ros/install/my_first_package_msgs/share/my_first_package_msgs/environment/ament_prefix_path.dsv
-- Up-to-date: /home/addinedu/dev_ws/ros/install/my_first_package_msgs/share/my_first_package_msgs/environment/path.sh
-- Up-to-date: /home/addinedu/dev_ws/ros/install/my_first_package_msgs/share/my_first_package_msgs/environment/path.dsv
-- Up-to-date: /home/addinedu/dev_ws/ros/install/my_first_package_msgs/share/my_first_package_msgs/local_setup.bash
-- Up-to-date: /home/addinedu/dev_ws/ros/install/my_first_package_msgs/share/my_first_package_msgs/local_setup.sh
-- Up-to-date: /home/addinedu/dev_ws/ros/install/my_first_package_msgs/share/my_first_package_msgs/local_setup.zsh
-- Up-to-date: /home/addinedu/dev_ws/ros/install/my_first_package_msgs/share/my_first_package_msgs/local_setup.dsv
-- Installing: /home/addinedu/dev_ws/ros/install/my_first_package_msgs/share/my_first_package_msgs/package.dsv
-- Up-to-date: /home/addinedu/dev_ws/ros/install/my_first_package_msgs/share/ament_index/resource_index/packages/my_first_package_msgs
-- Up-to-date: /home/addinedu/dev_ws/ros/install/my_first_package_msgs/share/my_first_package_msgs/cmake/export_my_first_package_msgs__rosidl_generator_cExport.cmake
-- Up-to-date: /home/addinedu/dev_ws/ros/install/my_first_package_msgs/share/my_first_package_msgs/cmake/export_my_first_package_msgs__rosidl_generator_cExport-noconfig.cmake
-- Up-to-date: /home/addinedu/dev_ws/ros/install/my_first_package_msgs/share/my_first_package_msgs/cmake/export_my_first_package_msgs__rosidl_typesupport_fastrtps_cExport.cmake
-- Up-to-date: /home/addinedu/dev_ws/ros/install/my_first_package_msgs/share/my_first_package_msgs/cmake/export_my_first_package_msgs__rosidl_typesupport_fastrtps_cExport-noconfig.cmake
-- Up-to-date: /home/addinedu/dev_ws/ros/install/my_first_package_msgs/share/my_first_package_msgs/cmake/my_first_package_msgs__rosidl_typesupport_introspection_cExport.cmake
-- Up-to-date: /home/addinedu/dev_ws/ros/install/my_first_package_msgs/share/my_first_package_msgs/cmake/my_first_package_msgs__rosidl_typesupport_introspection_cExport-noconfig.cmake
-- Up-to-date: /home/addinedu/dev_ws/ros/install/my_first_package_msgs/share/my_first_package_msgs/cmake/my_first_package_msgs__rosidl_typesupport_cExport.cmake
-- Up-to-date: /home/addinedu/dev_ws/ros/install/my_first_package_msgs/share/my_first_package_msgs/cmake/my_first_package_msgs__rosidl_typesupport_cExport-noconfig.cmake
-- Up-to-date: /home/addinedu/dev_ws/ros/install/my_first_package_msgs/share/my_first_package_msgs/cmake/export_my_first_package_msgs__rosidl_generator_cppExport.cmake
-- Up-to-date: /home/addinedu/dev_ws/ros/install/my_first_package_msgs/share/my_first_package_msgs/cmake/export_my_first_package_msgs__rosidl_typesupport_fastrtps_cppExport.cmake
-- Up-to-date: /home/addinedu/dev_ws/ros/install/my_first_package_msgs/share/my_first_package_msgs/cmake/export_my_first_package_msgs__rosidl_typesupport_fastrtps_cppExport-noconfig.cmake
-- Up-to-date: /home/addinedu/dev_ws/ros/install/my_first_package_msgs/share/my_first_package_msgs/cmake/my_first_package_msgs__rosidl_typesupport_introspection_cppExport.cmake
-- Up-to-date: /home/addinedu/dev_ws/ros/install/my_first_package_msgs/share/my_first_package_msgs/cmake/my_first_package_msgs__rosidl_typesupport_introspection_cppExport-noconfig.cmake
-- Up-to-date: /home/addinedu/dev_ws/ros/install/my_first_package_msgs/share/my_first_package_msgs/cmake/my_first_package_msgs__rosidl_typesupport_cppExport.cmake
-- Up-to-date: /home/addinedu/dev_ws/ros/install/my_first_package_msgs/share/my_first_package_msgs/cmake/my_first_package_msgs__rosidl_typesupport_cppExport-noconfig.cmake
-- Up-to-date: /home/addinedu/dev_ws/ros/install/my_first_package_msgs/share/my_first_package_msgs/cmake/export_my_first_package_msgs__rosidl_generator_pyExport.cmake
-- Up-to-date: /home/addinedu/dev_ws/ros/install/my_first_package_msgs/share/my_first_package_msgs/cmake/export_my_first_package_msgs__rosidl_generator_pyExport-noconfig.cmake
-- Up-to-date: /home/addinedu/dev_ws/ros/install/my_first_package_msgs/share/my_first_package_msgs/cmake/rosidl_cmake-extras.cmake
-- Up-to-date: /home/addinedu/dev_ws/ros/install/my_first_package_msgs/share/my_first_package_msgs/cmake/ament_cmake_export_dependencies-extras.cmake
-- Up-to-date: /home/addinedu/dev_ws/ros/install/my_first_package_msgs/share/my_first_package_msgs/cmake/ament_cmake_export_include_directories-extras.cmake
-- Up-to-date: /home/addinedu/dev_ws/ros/install/my_first_package_msgs/share/my_first_package_msgs/cmake/ament_cmake_export_libraries-extras.cmake
-- Up-to-date: /home/addinedu/dev_ws/ros/install/my_first_package_msgs/share/my_first_package_msgs/cmake/ament_cmake_export_targets-extras.cmake
-- Up-to-date: /home/addinedu/dev_ws/ros/install/my_first_package_msgs/share/my_first_package_msgs/cmake/rosidl_cmake_export_typesupport_targets-extras.cmake
-- Up-to-date: /home/addinedu/dev_ws/ros/install/my_first_package_msgs/share/my_first_package_msgs/cmake/rosidl_cmake_export_typesupport_libraries-extras.cmake
-- Up-to-date: /home/addinedu/dev_ws/ros/install/my_first_package_msgs/share/my_first_package_msgs/cmake/my_first_package_msgsConfig.cmake
-- Up-to-date: /home/addinedu/dev_ws/ros/install/my_first_package_msgs/share/my_first_package_msgs/cmake/my_first_package_msgsConfig-version.cmake
-- Up-to-date: /home/addinedu/dev_ws/ros/install/my_first_package_msgs/share/my_first_package_msgs/package.xml
