[0.237s] Invoking command in '/home/addinedu/dev_ws/ros/build/my_first_package_msgs': CMAKE_PREFIX_PATH=${CMAKE_PREFIX_PATH}:/home/addinedu/dev_ws/ros/install/my_tf:/opt/ros/jazzy DEBUGINFOD_URLS=https://debuginfod.ubuntu.com /usr/bin/cmake --build /home/addinedu/dev_ws/ros/build/my_first_package_msgs -- -j12 -l12
[0.286s] [  1%] Built target my_first_package_msgs__rosidl_generator_type_description
[0.297s] [  1%] Built target ament_cmake_python_copy_my_first_package_msgs
[0.306s] [  3%] Built target my_first_package_msgs__cpp
[0.313s] [ 24%] Built target my_first_package_msgs__rosidl_generator_c
[0.337s] [ 33%] Built target my_first_package_msgs__rosidl_typesupport_introspection_cpp
[0.337s] [ 42%] Built target my_first_package_msgs__rosidl_typesupport_introspection_c
[0.338s] [ 51%] Built target my_first_package_msgs__rosidl_typesupport_c
[0.339s] [ 61%] Built target my_first_package_msgs__rosidl_typesupport_fastrtps_cpp
[0.339s] [ 70%] Built target my_first_package_msgs__rosidl_typesupport_cpp
[0.341s] [ 79%] Built target my_first_package_msgs__rosidl_typesupport_fastrtps_c
[0.357s] [ 79%] Built target my_first_package_msgs
[0.374s] [ 81%] Built target my_first_package_msgs__py
[0.394s] [ 88%] Built target my_first_package_msgs__rosidl_generator_py
[0.413s] [100%] Built target my_first_package_msgs_s__rosidl_typesupport_c
[0.413s] [100%] Built target my_first_package_msgs_s__rosidl_typesupport_introspection_c
[0.413s] [100%] Built target my_first_package_msgs_s__rosidl_typesupport_fastrtps_c
[0.550s] running egg_info
[0.573s] writing my_first_package_msgs.egg-info/PKG-INFO
[0.573s] writing dependency_links to my_first_package_msgs.egg-info/dependency_links.txt
[0.573s] writing top-level names to my_first_package_msgs.egg-info/top_level.txt
[0.640s] reading manifest file 'my_first_package_msgs.egg-info/SOURCES.txt'
[0.641s] writing manifest file 'my_first_package_msgs.egg-info/SOURCES.txt'
[0.665s] [100%] Built target ament_cmake_python_build_my_first_package_msgs_egg
[0.674s] Invoked command in '/home/addinedu/dev_ws/ros/build/my_first_package_msgs' returned '0': CMAKE_PREFIX_PATH=${CMAKE_PREFIX_PATH}:/home/addinedu/dev_ws/ros/install/my_tf:/opt/ros/jazzy DEBUGINFOD_URLS=https://debuginfod.ubuntu.com /usr/bin/cmake --build /home/addinedu/dev_ws/ros/build/my_first_package_msgs -- -j12 -l12
[0.682s] Invoking command in '/home/addinedu/dev_ws/ros/build/my_first_package_msgs': CMAKE_PREFIX_PATH=${CMAKE_PREFIX_PATH}:/home/addinedu/dev_ws/ros/install/my_tf:/opt/ros/jazzy DEBUGINFOD_URLS=https://debuginfod.ubuntu.com /usr/bin/cmake --install /home/addinedu/dev_ws/ros/build/my_first_package_msgs
[0.689s] -- Install configuration: ""
[0.689s] -- Up-to-date: /home/addinedu/dev_ws/ros/install/my_first_package_msgs/share/ament_index/resource_index/rosidl_interfaces/my_first_package_msgs
[0.690s] -- Up-to-date: /home/addinedu/dev_ws/ros/install/my_first_package_msgs/share/my_first_package_msgs/msg/CmdAndPoseVel.json
[0.690s] -- Up-to-date: /home/addinedu/dev_ws/ros/install/my_first_package_msgs/share/my_first_package_msgs/srv/MultiSpawn.json
[0.690s] -- Up-to-date: /home/addinedu/dev_ws/ros/install/my_first_package_msgs/share/my_first_package_msgs/action/DistTurtle.json
[0.690s] -- Up-to-date: /home/addinedu/dev_ws/ros/install/my_first_package_msgs/include/my_first_package_msgs/my_first_package_msgs
[0.690s] -- Up-to-date: /home/addinedu/dev_ws/ros/install/my_first_package_msgs/include/my_first_package_msgs/my_first_package_msgs/action
[0.690s] -- Up-to-date: /home/addinedu/dev_ws/ros/install/my_first_package_msgs/include/my_first_package_msgs/my_first_package_msgs/action/detail
[0.690s] -- Up-to-date: /home/addinedu/dev_ws/ros/install/my_first_package_msgs/include/my_first_package_msgs/my_first_package_msgs/action/detail/dist_turtle__description.c
[0.690s] -- Up-to-date: /home/addinedu/dev_ws/ros/install/my_first_package_msgs/include/my_first_package_msgs/my_first_package_msgs/action/detail/dist_turtle__type_support.h
[0.690s] -- Up-to-date: /home/addinedu/dev_ws/ros/install/my_first_package_msgs/include/my_first_package_msgs/my_first_package_msgs/action/detail/dist_turtle__struct.h
[0.690s] -- Up-to-date: /home/addinedu/dev_ws/ros/install/my_first_package_msgs/include/my_first_package_msgs/my_first_package_msgs/action/detail/dist_turtle__type_support.c
[0.690s] -- Up-to-date: /home/addinedu/dev_ws/ros/install/my_first_package_msgs/include/my_first_package_msgs/my_first_package_msgs/action/detail/dist_turtle__functions.c
[0.691s] -- Up-to-date: /home/addinedu/dev_ws/ros/install/my_first_package_msgs/include/my_first_package_msgs/my_first_package_msgs/action/detail/dist_turtle__functions.h
[0.691s] -- Up-to-date: /home/addinedu/dev_ws/ros/install/my_first_package_msgs/include/my_first_package_msgs/my_first_package_msgs/action/dist_turtle.h
[0.691s] -- Up-to-date: /home/addinedu/dev_ws/ros/install/my_first_package_msgs/include/my_first_package_msgs/my_first_package_msgs/msg
[0.691s] -- Up-to-date: /home/addinedu/dev_ws/ros/install/my_first_package_msgs/include/my_first_package_msgs/my_first_package_msgs/msg/cmd_and_pose_vel.h
[0.691s] -- Up-to-date: /home/addinedu/dev_ws/ros/install/my_first_package_msgs/include/my_first_package_msgs/my_first_package_msgs/msg/detail
[0.691s] -- Up-to-date: /home/addinedu/dev_ws/ros/install/my_first_package_msgs/include/my_first_package_msgs/my_first_package_msgs/msg/detail/cmd_and_pose_vel__functions.h
[0.691s] -- Up-to-date: /home/addinedu/dev_ws/ros/install/my_first_package_msgs/include/my_first_package_msgs/my_first_package_msgs/msg/detail/cmd_and_pose_vel__type_support.h
[0.691s] -- Up-to-date: /home/addinedu/dev_ws/ros/install/my_first_package_msgs/include/my_first_package_msgs/my_first_package_msgs/msg/detail/cmd_and_pose_vel__description.c
[0.691s] -- Up-to-date: /home/addinedu/dev_ws/ros/install/my_first_package_msgs/include/my_first_package_msgs/my_first_package_msgs/msg/detail/cmd_and_pose_vel__type_support.c
[0.691s] -- Up-to-date: /home/addinedu/dev_ws/ros/install/my_first_package_msgs/include/my_first_package_msgs/my_first_package_msgs/msg/detail/cmd_and_pose_vel__functions.c
[0.691s] -- Up-to-date: /home/addinedu/dev_ws/ros/install/my_first_package_msgs/include/my_first_package_msgs/my_first_package_msgs/msg/detail/cmd_and_pose_vel__struct.h
[0.691s] -- Up-to-date: /home/addinedu/dev_ws/ros/install/my_first_package_msgs/include/my_first_package_msgs/my_first_package_msgs/msg/rosidl_generator_c__visibility_control.h
[0.691s] -- Up-to-date: /home/addinedu/dev_ws/ros/install/my_first_package_msgs/include/my_first_package_msgs/my_first_package_msgs/srv
[0.692s] -- Up-to-date: /home/addinedu/dev_ws/ros/install/my_first_package_msgs/include/my_first_package_msgs/my_first_package_msgs/srv/detail
[0.692s] -- Up-to-date: /home/addinedu/dev_ws/ros/install/my_first_package_msgs/include/my_first_package_msgs/my_first_package_msgs/srv/detail/multi_spawn__functions.c
[0.692s] -- Up-to-date: /home/addinedu/dev_ws/ros/install/my_first_package_msgs/include/my_first_package_msgs/my_first_package_msgs/srv/detail/multi_spawn__description.c
[0.692s] -- Up-to-date: /home/addinedu/dev_ws/ros/install/my_first_package_msgs/include/my_first_package_msgs/my_first_package_msgs/srv/detail/multi_spawn__struct.h
[0.692s] -- Up-to-date: /home/addinedu/dev_ws/ros/install/my_first_package_msgs/include/my_first_package_msgs/my_first_package_msgs/srv/detail/multi_spawn__functions.h
[0.692s] -- Up-to-date: /home/addinedu/dev_ws/ros/install/my_first_package_msgs/include/my_first_package_msgs/my_first_package_msgs/srv/detail/multi_spawn__type_support.h
[0.692s] -- Up-to-date: /home/addinedu/dev_ws/ros/install/my_first_package_msgs/include/my_first_package_msgs/my_first_package_msgs/srv/detail/multi_spawn__type_support.c
[0.692s] -- Up-to-date: /home/addinedu/dev_ws/ros/install/my_first_package_msgs/include/my_first_package_msgs/my_first_package_msgs/srv/multi_spawn.h
[0.692s] -- Up-to-date: /home/addinedu/dev_ws/ros/install/my_first_package_msgs/share/my_first_package_msgs/environment/library_path.sh
[0.692s] -- Up-to-date: /home/addinedu/dev_ws/ros/install/my_first_package_msgs/share/my_first_package_msgs/environment/library_path.dsv
[0.692s] -- Up-to-date: /home/addinedu/dev_ws/ros/install/my_first_package_msgs/lib/libmy_first_package_msgs__rosidl_generator_c.so
[0.692s] -- Up-to-date: /home/addinedu/dev_ws/ros/install/my_first_package_msgs/include/my_first_package_msgs/my_first_package_msgs
[0.692s] -- Up-to-date: /home/addinedu/dev_ws/ros/install/my_first_package_msgs/include/my_first_package_msgs/my_first_package_msgs/action
[0.693s] -- Up-to-date: /home/addinedu/dev_ws/ros/install/my_first_package_msgs/include/my_first_package_msgs/my_first_package_msgs/action/detail
[0.693s] -- Up-to-date: /home/addinedu/dev_ws/ros/install/my_first_package_msgs/include/my_first_package_msgs/my_first_package_msgs/action/detail/dist_turtle__rosidl_typesupport_fastrtps_c.h
[0.693s] -- Up-to-date: /home/addinedu/dev_ws/ros/install/my_first_package_msgs/include/my_first_package_msgs/my_first_package_msgs/msg
[0.693s] -- Up-to-date: /home/addinedu/dev_ws/ros/install/my_first_package_msgs/include/my_first_package_msgs/my_first_package_msgs/msg/rosidl_typesupport_fastrtps_c__visibility_control.h
[0.693s] -- Up-to-date: /home/addinedu/dev_ws/ros/install/my_first_package_msgs/include/my_first_package_msgs/my_first_package_msgs/msg/detail
[0.693s] -- Up-to-date: /home/addinedu/dev_ws/ros/install/my_first_package_msgs/include/my_first_package_msgs/my_first_package_msgs/msg/detail/cmd_and_pose_vel__rosidl_typesupport_fastrtps_c.h
[0.693s] -- Up-to-date: /home/addinedu/dev_ws/ros/install/my_first_package_msgs/include/my_first_package_msgs/my_first_package_msgs/srv
[0.693s] -- Up-to-date: /home/addinedu/dev_ws/ros/install/my_first_package_msgs/include/my_first_package_msgs/my_first_package_msgs/srv/detail
[0.693s] -- Up-to-date: /home/addinedu/dev_ws/ros/install/my_first_package_msgs/include/my_first_package_msgs/my_first_package_msgs/srv/detail/multi_spawn__rosidl_typesupport_fastrtps_c.h
[0.693s] -- Up-to-date: /home/addinedu/dev_ws/ros/install/my_first_package_msgs/lib/libmy_first_package_msgs__rosidl_typesupport_fastrtps_c.so
[0.693s] -- Up-to-date: /home/addinedu/dev_ws/ros/install/my_first_package_msgs/include/my_first_package_msgs/my_first_package_msgs
[0.694s] -- Up-to-date: /home/addinedu/dev_ws/ros/install/my_first_package_msgs/include/my_first_package_msgs/my_first_package_msgs/action
[0.694s] -- Up-to-date: /home/addinedu/dev_ws/ros/install/my_first_package_msgs/include/my_first_package_msgs/my_first_package_msgs/action/detail
[0.694s] -- Up-to-date: /home/addinedu/dev_ws/ros/install/my_first_package_msgs/include/my_first_package_msgs/my_first_package_msgs/action/detail/dist_turtle__rosidl_typesupport_introspection_c.h
[0.694s] -- Up-to-date: /home/addinedu/dev_ws/ros/install/my_first_package_msgs/include/my_first_package_msgs/my_first_package_msgs/action/detail/dist_turtle__type_support.c
[0.694s] -- Up-to-date: /home/addinedu/dev_ws/ros/install/my_first_package_msgs/include/my_first_package_msgs/my_first_package_msgs/msg
[0.694s] -- Up-to-date: /home/addinedu/dev_ws/ros/install/my_first_package_msgs/include/my_first_package_msgs/my_first_package_msgs/msg/rosidl_typesupport_introspection_c__visibility_control.h
[0.694s] -- Up-to-date: /home/addinedu/dev_ws/ros/install/my_first_package_msgs/include/my_first_package_msgs/my_first_package_msgs/msg/detail
[0.694s] -- Up-to-date: /home/addinedu/dev_ws/ros/install/my_first_package_msgs/include/my_first_package_msgs/my_first_package_msgs/msg/detail/cmd_and_pose_vel__rosidl_typesupport_introspection_c.h
[0.694s] -- Up-to-date: /home/addinedu/dev_ws/ros/install/my_first_package_msgs/include/my_first_package_msgs/my_first_package_msgs/msg/detail/cmd_and_pose_vel__type_support.c
[0.694s] -- Up-to-date: /home/addinedu/dev_ws/ros/install/my_first_package_msgs/include/my_first_package_msgs/my_first_package_msgs/srv
[0.695s] -- Up-to-date: /home/addinedu/dev_ws/ros/install/my_first_package_msgs/include/my_first_package_msgs/my_first_package_msgs/srv/detail
[0.695s] -- Up-to-date: /home/addinedu/dev_ws/ros/install/my_first_package_msgs/include/my_first_package_msgs/my_first_package_msgs/srv/detail/multi_spawn__rosidl_typesupport_introspection_c.h
[0.695s] -- Up-to-date: /home/addinedu/dev_ws/ros/install/my_first_package_msgs/include/my_first_package_msgs/my_first_package_msgs/srv/detail/multi_spawn__type_support.c
[0.695s] -- Up-to-date: /home/addinedu/dev_ws/ros/install/my_first_package_msgs/lib/libmy_first_package_msgs__rosidl_typesupport_introspection_c.so
[0.695s] -- Up-to-date: /home/addinedu/dev_ws/ros/install/my_first_package_msgs/lib/libmy_first_package_msgs__rosidl_typesupport_c.so
[0.695s] -- Up-to-date: /home/addinedu/dev_ws/ros/install/my_first_package_msgs/include/my_first_package_msgs/my_first_package_msgs
[0.695s] -- Up-to-date: /home/addinedu/dev_ws/ros/install/my_first_package_msgs/include/my_first_package_msgs/my_first_package_msgs/action
[0.695s] -- Up-to-date: /home/addinedu/dev_ws/ros/install/my_first_package_msgs/include/my_first_package_msgs/my_first_package_msgs/action/dist_turtle.hpp
[0.695s] -- Up-to-date: /home/addinedu/dev_ws/ros/install/my_first_package_msgs/include/my_first_package_msgs/my_first_package_msgs/action/detail
[0.695s] -- Up-to-date: /home/addinedu/dev_ws/ros/install/my_first_package_msgs/include/my_first_package_msgs/my_first_package_msgs/action/detail/dist_turtle__builder.hpp
[0.695s] -- Up-to-date: /home/addinedu/dev_ws/ros/install/my_first_package_msgs/include/my_first_package_msgs/my_first_package_msgs/action/detail/dist_turtle__traits.hpp
[0.695s] -- Up-to-date: /home/addinedu/dev_ws/ros/install/my_first_package_msgs/include/my_first_package_msgs/my_first_package_msgs/action/detail/dist_turtle__struct.hpp
[0.695s] -- Up-to-date: /home/addinedu/dev_ws/ros/install/my_first_package_msgs/include/my_first_package_msgs/my_first_package_msgs/action/detail/dist_turtle__type_support.hpp
[0.695s] -- Up-to-date: /home/addinedu/dev_ws/ros/install/my_first_package_msgs/include/my_first_package_msgs/my_first_package_msgs/msg
[0.695s] -- Up-to-date: /home/addinedu/dev_ws/ros/install/my_first_package_msgs/include/my_first_package_msgs/my_first_package_msgs/msg/cmd_and_pose_vel.hpp
[0.695s] -- Up-to-date: /home/addinedu/dev_ws/ros/install/my_first_package_msgs/include/my_first_package_msgs/my_first_package_msgs/msg/rosidl_generator_cpp__visibility_control.hpp
[0.696s] -- Up-to-date: /home/addinedu/dev_ws/ros/install/my_first_package_msgs/include/my_first_package_msgs/my_first_package_msgs/msg/detail
[0.696s] -- Up-to-date: /home/addinedu/dev_ws/ros/install/my_first_package_msgs/include/my_first_package_msgs/my_first_package_msgs/msg/detail/cmd_and_pose_vel__struct.hpp
[0.696s] -- Up-to-date: /home/addinedu/dev_ws/ros/install/my_first_package_msgs/include/my_first_package_msgs/my_first_package_msgs/msg/detail/cmd_and_pose_vel__type_support.hpp
[0.696s] -- Up-to-date: /home/addinedu/dev_ws/ros/install/my_first_package_msgs/include/my_first_package_msgs/my_first_package_msgs/msg/detail/cmd_and_pose_vel__traits.hpp
[0.696s] -- Up-to-date: /home/addinedu/dev_ws/ros/install/my_first_package_msgs/include/my_first_package_msgs/my_first_package_msgs/msg/detail/cmd_and_pose_vel__builder.hpp
[0.696s] -- Up-to-date: /home/addinedu/dev_ws/ros/install/my_first_package_msgs/include/my_first_package_msgs/my_first_package_msgs/srv
[0.696s] -- Up-to-date: /home/addinedu/dev_ws/ros/install/my_first_package_msgs/include/my_first_package_msgs/my_first_package_msgs/srv/multi_spawn.hpp
[0.696s] -- Up-to-date: /home/addinedu/dev_ws/ros/install/my_first_package_msgs/include/my_first_package_msgs/my_first_package_msgs/srv/detail
[0.696s] -- Up-to-date: /home/addinedu/dev_ws/ros/install/my_first_package_msgs/include/my_first_package_msgs/my_first_package_msgs/srv/detail/multi_spawn__struct.hpp
[0.696s] -- Up-to-date: /home/addinedu/dev_ws/ros/install/my_first_package_msgs/include/my_first_package_msgs/my_first_package_msgs/srv/detail/multi_spawn__builder.hpp
[0.696s] -- Up-to-date: /home/addinedu/dev_ws/ros/install/my_first_package_msgs/include/my_first_package_msgs/my_first_package_msgs/srv/detail/multi_spawn__traits.hpp
[0.696s] -- Up-to-date: /home/addinedu/dev_ws/ros/install/my_first_package_msgs/include/my_first_package_msgs/my_first_package_msgs/srv/detail/multi_spawn__type_support.hpp
[0.696s] -- Up-to-date: /home/addinedu/dev_ws/ros/install/my_first_package_msgs/include/my_first_package_msgs/my_first_package_msgs
[0.696s] -- Up-to-date: /home/addinedu/dev_ws/ros/install/my_first_package_msgs/include/my_first_package_msgs/my_first_package_msgs/action
[0.696s] -- Up-to-date: /home/addinedu/dev_ws/ros/install/my_first_package_msgs/include/my_first_package_msgs/my_first_package_msgs/action/detail
[0.697s] -- Up-to-date: /home/addinedu/dev_ws/ros/install/my_first_package_msgs/include/my_first_package_msgs/my_first_package_msgs/action/detail/dds_fastrtps
[0.697s] -- Up-to-date: /home/addinedu/dev_ws/ros/install/my_first_package_msgs/include/my_first_package_msgs/my_first_package_msgs/action/detail/dist_turtle__rosidl_typesupport_fastrtps_cpp.hpp
[0.697s] -- Up-to-date: /home/addinedu/dev_ws/ros/install/my_first_package_msgs/include/my_first_package_msgs/my_first_package_msgs/msg
[0.697s] -- Up-to-date: /home/addinedu/dev_ws/ros/install/my_first_package_msgs/include/my_first_package_msgs/my_first_package_msgs/msg/detail
[0.697s] -- Up-to-date: /home/addinedu/dev_ws/ros/install/my_first_package_msgs/include/my_first_package_msgs/my_first_package_msgs/msg/detail/cmd_and_pose_vel__rosidl_typesupport_fastrtps_cpp.hpp
[0.697s] -- Up-to-date: /home/addinedu/dev_ws/ros/install/my_first_package_msgs/include/my_first_package_msgs/my_first_package_msgs/msg/detail/dds_fastrtps
[0.697s] -- Up-to-date: /home/addinedu/dev_ws/ros/install/my_first_package_msgs/include/my_first_package_msgs/my_first_package_msgs/msg/rosidl_typesupport_fastrtps_cpp__visibility_control.h
[0.697s] -- Up-to-date: /home/addinedu/dev_ws/ros/install/my_first_package_msgs/include/my_first_package_msgs/my_first_package_msgs/srv
[0.697s] -- Up-to-date: /home/addinedu/dev_ws/ros/install/my_first_package_msgs/include/my_first_package_msgs/my_first_package_msgs/srv/detail
[0.697s] -- Up-to-date: /home/addinedu/dev_ws/ros/install/my_first_package_msgs/include/my_first_package_msgs/my_first_package_msgs/srv/detail/multi_spawn__rosidl_typesupport_fastrtps_cpp.hpp
[0.697s] -- Up-to-date: /home/addinedu/dev_ws/ros/install/my_first_package_msgs/include/my_first_package_msgs/my_first_package_msgs/srv/detail/dds_fastrtps
[0.697s] -- Up-to-date: /home/addinedu/dev_ws/ros/install/my_first_package_msgs/lib/libmy_first_package_msgs__rosidl_typesupport_fastrtps_cpp.so
[0.697s] -- Up-to-date: /home/addinedu/dev_ws/ros/install/my_first_package_msgs/include/my_first_package_msgs/my_first_package_msgs
[0.697s] -- Up-to-date: /home/addinedu/dev_ws/ros/install/my_first_package_msgs/include/my_first_package_msgs/my_first_package_msgs/action
[0.697s] -- Up-to-date: /home/addinedu/dev_ws/ros/install/my_first_package_msgs/include/my_first_package_msgs/my_first_package_msgs/action/detail
[0.697s] -- Up-to-date: /home/addinedu/dev_ws/ros/install/my_first_package_msgs/include/my_first_package_msgs/my_first_package_msgs/action/detail/dist_turtle__type_support.cpp
[0.698s] -- Up-to-date: /home/addinedu/dev_ws/ros/install/my_first_package_msgs/include/my_first_package_msgs/my_first_package_msgs/action/detail/dist_turtle__rosidl_typesupport_introspection_cpp.hpp
[0.698s] -- Up-to-date: /home/addinedu/dev_ws/ros/install/my_first_package_msgs/include/my_first_package_msgs/my_first_package_msgs/msg
[0.698s] -- Up-to-date: /home/addinedu/dev_ws/ros/install/my_first_package_msgs/include/my_first_package_msgs/my_first_package_msgs/msg/detail
[0.698s] -- Up-to-date: /home/addinedu/dev_ws/ros/install/my_first_package_msgs/include/my_first_package_msgs/my_first_package_msgs/msg/detail/cmd_and_pose_vel__type_support.cpp
[0.698s] -- Up-to-date: /home/addinedu/dev_ws/ros/install/my_first_package_msgs/include/my_first_package_msgs/my_first_package_msgs/msg/detail/cmd_and_pose_vel__rosidl_typesupport_introspection_cpp.hpp
[0.698s] -- Up-to-date: /home/addinedu/dev_ws/ros/install/my_first_package_msgs/include/my_first_package_msgs/my_first_package_msgs/srv
[0.698s] -- Up-to-date: /home/addinedu/dev_ws/ros/install/my_first_package_msgs/include/my_first_package_msgs/my_first_package_msgs/srv/detail
[0.698s] -- Up-to-date: /home/addinedu/dev_ws/ros/install/my_first_package_msgs/include/my_first_package_msgs/my_first_package_msgs/srv/detail/multi_spawn__rosidl_typesupport_introspection_cpp.hpp
[0.698s] -- Up-to-date: /home/addinedu/dev_ws/ros/install/my_first_package_msgs/include/my_first_package_msgs/my_first_package_msgs/srv/detail/multi_spawn__type_support.cpp
[0.698s] -- Up-to-date: /home/addinedu/dev_ws/ros/install/my_first_package_msgs/lib/libmy_first_package_msgs__rosidl_typesupport_introspection_cpp.so
[0.698s] -- Up-to-date: /home/addinedu/dev_ws/ros/install/my_first_package_msgs/lib/libmy_first_package_msgs__rosidl_typesupport_cpp.so
[0.698s] -- Up-to-date: /home/addinedu/dev_ws/ros/install/my_first_package_msgs/share/my_first_package_msgs/environment/pythonpath.sh
[0.698s] -- Up-to-date: /home/addinedu/dev_ws/ros/install/my_first_package_msgs/share/my_first_package_msgs/environment/pythonpath.dsv
[0.698s] -- Up-to-date: /home/addinedu/dev_ws/ros/install/my_first_package_msgs/lib/python3.12/site-packages/my_first_package_msgs-0.0.0-py3.12.egg-info
[0.698s] -- Installing: /home/addinedu/dev_ws/ros/install/my_first_package_msgs/lib/python3.12/site-packages/my_first_package_msgs-0.0.0-py3.12.egg-info/SOURCES.txt
[0.698s] -- Installing: /home/addinedu/dev_ws/ros/install/my_first_package_msgs/lib/python3.12/site-packages/my_first_package_msgs-0.0.0-py3.12.egg-info/dependency_links.txt
[0.699s] -- Installing: /home/addinedu/dev_ws/ros/install/my_first_package_msgs/lib/python3.12/site-packages/my_first_package_msgs-0.0.0-py3.12.egg-info/top_level.txt
[0.699s] -- Installing: /home/addinedu/dev_ws/ros/install/my_first_package_msgs/lib/python3.12/site-packages/my_first_package_msgs-0.0.0-py3.12.egg-info/PKG-INFO
[0.699s] -- Up-to-date: /home/addinedu/dev_ws/ros/install/my_first_package_msgs/lib/python3.12/site-packages/my_first_package_msgs
[0.699s] -- Up-to-date: /home/addinedu/dev_ws/ros/install/my_first_package_msgs/lib/python3.12/site-packages/my_first_package_msgs/my_first_package_msgs_s__rosidl_typesupport_introspection_c.so
[0.699s] -- Up-to-date: /home/addinedu/dev_ws/ros/install/my_first_package_msgs/lib/python3.12/site-packages/my_first_package_msgs/action
[0.699s] -- Up-to-date: /home/addinedu/dev_ws/ros/install/my_first_package_msgs/lib/python3.12/site-packages/my_first_package_msgs/action/_dist_turtle_s.c
[0.699s] -- Up-to-date: /home/addinedu/dev_ws/ros/install/my_first_package_msgs/lib/python3.12/site-packages/my_first_package_msgs/action/__init__.py
[0.699s] -- Up-to-date: /home/addinedu/dev_ws/ros/install/my_first_package_msgs/lib/python3.12/site-packages/my_first_package_msgs/action/_dist_turtle.py
[0.699s] -- Up-to-date: /home/addinedu/dev_ws/ros/install/my_first_package_msgs/lib/python3.12/site-packages/my_first_package_msgs/my_first_package_msgs_s__rosidl_typesupport_fastrtps_c.so
[0.699s] -- Up-to-date: /home/addinedu/dev_ws/ros/install/my_first_package_msgs/lib/python3.12/site-packages/my_first_package_msgs/_my_first_package_msgs_s.ep.rosidl_typesupport_fastrtps_c.c
[0.699s] -- Up-to-date: /home/addinedu/dev_ws/ros/install/my_first_package_msgs/lib/python3.12/site-packages/my_first_package_msgs/__init__.py
[0.699s] -- Up-to-date: /home/addinedu/dev_ws/ros/install/my_first_package_msgs/lib/python3.12/site-packages/my_first_package_msgs/my_first_package_msgs_s__rosidl_typesupport_c.so
[0.699s] -- Up-to-date: /home/addinedu/dev_ws/ros/install/my_first_package_msgs/lib/python3.12/site-packages/my_first_package_msgs/_my_first_package_msgs_s.ep.rosidl_typesupport_introspection_c.c
[0.699s] -- Up-to-date: /home/addinedu/dev_ws/ros/install/my_first_package_msgs/lib/python3.12/site-packages/my_first_package_msgs/msg
[0.699s] -- Up-to-date: /home/addinedu/dev_ws/ros/install/my_first_package_msgs/lib/python3.12/site-packages/my_first_package_msgs/msg/_cmd_and_pose_vel.py
[0.700s] -- Up-to-date: /home/addinedu/dev_ws/ros/install/my_first_package_msgs/lib/python3.12/site-packages/my_first_package_msgs/msg/_cmd_and_pose_vel_s.c
[0.700s] -- Up-to-date: /home/addinedu/dev_ws/ros/install/my_first_package_msgs/lib/python3.12/site-packages/my_first_package_msgs/msg/__init__.py
[0.700s] -- Up-to-date: /home/addinedu/dev_ws/ros/install/my_first_package_msgs/lib/python3.12/site-packages/my_first_package_msgs/srv
[0.700s] -- Up-to-date: /home/addinedu/dev_ws/ros/install/my_first_package_msgs/lib/python3.12/site-packages/my_first_package_msgs/srv/_multi_spawn_s.c
[0.700s] -- Up-to-date: /home/addinedu/dev_ws/ros/install/my_first_package_msgs/lib/python3.12/site-packages/my_first_package_msgs/srv/__init__.py
[0.700s] -- Up-to-date: /home/addinedu/dev_ws/ros/install/my_first_package_msgs/lib/python3.12/site-packages/my_first_package_msgs/srv/_multi_spawn.py
[0.700s] -- Up-to-date: /home/addinedu/dev_ws/ros/install/my_first_package_msgs/lib/python3.12/site-packages/my_first_package_msgs/_my_first_package_msgs_s.ep.rosidl_typesupport_c.c
[0.726s] Listing '/home/addinedu/dev_ws/ros/install/my_first_package_msgs/lib/python3.12/site-packages/my_first_package_msgs'...
[0.726s] Listing '/home/addinedu/dev_ws/ros/install/my_first_package_msgs/lib/python3.12/site-packages/my_first_package_msgs/action'...
[0.726s] Listing '/home/addinedu/dev_ws/ros/install/my_first_package_msgs/lib/python3.12/site-packages/my_first_package_msgs/msg'...
[0.726s] Listing '/home/addinedu/dev_ws/ros/install/my_first_package_msgs/lib/python3.12/site-packages/my_first_package_msgs/srv'...
[0.731s] -- Up-to-date: /home/addinedu/dev_ws/ros/install/my_first_package_msgs/lib/python3.12/site-packages/my_first_package_msgs/my_first_package_msgs_s__rosidl_typesupport_fastrtps_c.so
[0.731s] -- Up-to-date: /home/addinedu/dev_ws/ros/install/my_first_package_msgs/lib/python3.12/site-packages/my_first_package_msgs/my_first_package_msgs_s__rosidl_typesupport_introspection_c.so
[0.731s] -- Up-to-date: /home/addinedu/dev_ws/ros/install/my_first_package_msgs/lib/python3.12/site-packages/my_first_package_msgs/my_first_package_msgs_s__rosidl_typesupport_c.so
[0.732s] -- Up-to-date: /home/addinedu/dev_ws/ros/install/my_first_package_msgs/lib/libmy_first_package_msgs__rosidl_generator_py.so
[0.732s] -- Up-to-date: /home/addinedu/dev_ws/ros/install/my_first_package_msgs/share/my_first_package_msgs/msg/CmdAndPoseVel.idl
[0.732s] -- Up-to-date: /home/addinedu/dev_ws/ros/install/my_first_package_msgs/share/my_first_package_msgs/srv/MultiSpawn.idl
[0.732s] -- Up-to-date: /home/addinedu/dev_ws/ros/install/my_first_package_msgs/share/my_first_package_msgs/action/DistTurtle.idl
[0.732s] -- Up-to-date: /home/addinedu/dev_ws/ros/install/my_first_package_msgs/share/my_first_package_msgs/msg/CmdAndPoseVel.msg
[0.732s] -- Up-to-date: /home/addinedu/dev_ws/ros/install/my_first_package_msgs/share/my_first_package_msgs/srv/MultiSpawn.srv
[0.732s] -- Up-to-date: /home/addinedu/dev_ws/ros/install/my_first_package_msgs/share/my_first_package_msgs/action/DistTurtle.action
[0.732s] -- Up-to-date: /home/addinedu/dev_ws/ros/install/my_first_package_msgs/share/ament_index/resource_index/package_run_dependencies/my_first_package_msgs
[0.732s] -- Up-to-date: /home/addinedu/dev_ws/ros/install/my_first_package_msgs/share/ament_index/resource_index/parent_prefix_path/my_first_package_msgs
[0.732s] -- Up-to-date: /home/addinedu/dev_ws/ros/install/my_first_package_msgs/share/my_first_package_msgs/environment/ament_prefix_path.sh
[0.732s] -- Up-to-date: /home/addinedu/dev_ws/ros/install/my_first_package_msgs/share/my_first_package_msgs/environment/ament_prefix_path.dsv
[0.732s] -- Up-to-date: /home/addinedu/dev_ws/ros/install/my_first_package_msgs/share/my_first_package_msgs/environment/path.sh
[0.733s] -- Up-to-date: /home/addinedu/dev_ws/ros/install/my_first_package_msgs/share/my_first_package_msgs/environment/path.dsv
[0.733s] -- Up-to-date: /home/addinedu/dev_ws/ros/install/my_first_package_msgs/share/my_first_package_msgs/local_setup.bash
[0.733s] -- Up-to-date: /home/addinedu/dev_ws/ros/install/my_first_package_msgs/share/my_first_package_msgs/local_setup.sh
[0.733s] -- Up-to-date: /home/addinedu/dev_ws/ros/install/my_first_package_msgs/share/my_first_package_msgs/local_setup.zsh
[0.733s] -- Up-to-date: /home/addinedu/dev_ws/ros/install/my_first_package_msgs/share/my_first_package_msgs/local_setup.dsv
[0.733s] -- Installing: /home/addinedu/dev_ws/ros/install/my_first_package_msgs/share/my_first_package_msgs/package.dsv
[0.733s] -- Up-to-date: /home/addinedu/dev_ws/ros/install/my_first_package_msgs/share/ament_index/resource_index/packages/my_first_package_msgs
[0.733s] -- Up-to-date: /home/addinedu/dev_ws/ros/install/my_first_package_msgs/share/my_first_package_msgs/cmake/export_my_first_package_msgs__rosidl_generator_cExport.cmake
[0.733s] -- Up-to-date: /home/addinedu/dev_ws/ros/install/my_first_package_msgs/share/my_first_package_msgs/cmake/export_my_first_package_msgs__rosidl_generator_cExport-noconfig.cmake
[0.733s] -- Up-to-date: /home/addinedu/dev_ws/ros/install/my_first_package_msgs/share/my_first_package_msgs/cmake/export_my_first_package_msgs__rosidl_typesupport_fastrtps_cExport.cmake
[0.733s] -- Up-to-date: /home/addinedu/dev_ws/ros/install/my_first_package_msgs/share/my_first_package_msgs/cmake/export_my_first_package_msgs__rosidl_typesupport_fastrtps_cExport-noconfig.cmake
[0.733s] -- Up-to-date: /home/addinedu/dev_ws/ros/install/my_first_package_msgs/share/my_first_package_msgs/cmake/my_first_package_msgs__rosidl_typesupport_introspection_cExport.cmake
[0.733s] -- Up-to-date: /home/addinedu/dev_ws/ros/install/my_first_package_msgs/share/my_first_package_msgs/cmake/my_first_package_msgs__rosidl_typesupport_introspection_cExport-noconfig.cmake
[0.733s] -- Up-to-date: /home/addinedu/dev_ws/ros/install/my_first_package_msgs/share/my_first_package_msgs/cmake/my_first_package_msgs__rosidl_typesupport_cExport.cmake
[0.734s] -- Up-to-date: /home/addinedu/dev_ws/ros/install/my_first_package_msgs/share/my_first_package_msgs/cmake/my_first_package_msgs__rosidl_typesupport_cExport-noconfig.cmake
[0.734s] -- Up-to-date: /home/addinedu/dev_ws/ros/install/my_first_package_msgs/share/my_first_package_msgs/cmake/export_my_first_package_msgs__rosidl_generator_cppExport.cmake
[0.734s] -- Up-to-date: /home/addinedu/dev_ws/ros/install/my_first_package_msgs/share/my_first_package_msgs/cmake/export_my_first_package_msgs__rosidl_typesupport_fastrtps_cppExport.cmake
[0.734s] -- Up-to-date: /home/addinedu/dev_ws/ros/install/my_first_package_msgs/share/my_first_package_msgs/cmake/export_my_first_package_msgs__rosidl_typesupport_fastrtps_cppExport-noconfig.cmake
[0.734s] -- Up-to-date: /home/addinedu/dev_ws/ros/install/my_first_package_msgs/share/my_first_package_msgs/cmake/my_first_package_msgs__rosidl_typesupport_introspection_cppExport.cmake
[0.734s] -- Up-to-date: /home/addinedu/dev_ws/ros/install/my_first_package_msgs/share/my_first_package_msgs/cmake/my_first_package_msgs__rosidl_typesupport_introspection_cppExport-noconfig.cmake
[0.734s] -- Up-to-date: /home/addinedu/dev_ws/ros/install/my_first_package_msgs/share/my_first_package_msgs/cmake/my_first_package_msgs__rosidl_typesupport_cppExport.cmake
[0.734s] -- Up-to-date: /home/addinedu/dev_ws/ros/install/my_first_package_msgs/share/my_first_package_msgs/cmake/my_first_package_msgs__rosidl_typesupport_cppExport-noconfig.cmake
[0.734s] -- Up-to-date: /home/addinedu/dev_ws/ros/install/my_first_package_msgs/share/my_first_package_msgs/cmake/export_my_first_package_msgs__rosidl_generator_pyExport.cmake
[0.734s] -- Up-to-date: /home/addinedu/dev_ws/ros/install/my_first_package_msgs/share/my_first_package_msgs/cmake/export_my_first_package_msgs__rosidl_generator_pyExport-noconfig.cmake
[0.734s] -- Up-to-date: /home/addinedu/dev_ws/ros/install/my_first_package_msgs/share/my_first_package_msgs/cmake/rosidl_cmake-extras.cmake
[0.734s] -- Up-to-date: /home/addinedu/dev_ws/ros/install/my_first_package_msgs/share/my_first_package_msgs/cmake/ament_cmake_export_dependencies-extras.cmake
[0.734s] -- Up-to-date: /home/addinedu/dev_ws/ros/install/my_first_package_msgs/share/my_first_package_msgs/cmake/ament_cmake_export_include_directories-extras.cmake
[0.734s] -- Up-to-date: /home/addinedu/dev_ws/ros/install/my_first_package_msgs/share/my_first_package_msgs/cmake/ament_cmake_export_libraries-extras.cmake
[0.735s] -- Up-to-date: /home/addinedu/dev_ws/ros/install/my_first_package_msgs/share/my_first_package_msgs/cmake/ament_cmake_export_targets-extras.cmake
[0.735s] -- Up-to-date: /home/addinedu/dev_ws/ros/install/my_first_package_msgs/share/my_first_package_msgs/cmake/rosidl_cmake_export_typesupport_targets-extras.cmake
[0.735s] -- Up-to-date: /home/addinedu/dev_ws/ros/install/my_first_package_msgs/share/my_first_package_msgs/cmake/rosidl_cmake_export_typesupport_libraries-extras.cmake
[0.735s] -- Up-to-date: /home/addinedu/dev_ws/ros/install/my_first_package_msgs/share/my_first_package_msgs/cmake/my_first_package_msgsConfig.cmake
[0.735s] -- Up-to-date: /home/addinedu/dev_ws/ros/install/my_first_package_msgs/share/my_first_package_msgs/cmake/my_first_package_msgsConfig-version.cmake
[0.735s] -- Up-to-date: /home/addinedu/dev_ws/ros/install/my_first_package_msgs/share/my_first_package_msgs/package.xml
[0.736s] Invoked command in '/home/addinedu/dev_ws/ros/build/my_first_package_msgs' returned '0': CMAKE_PREFIX_PATH=${CMAKE_PREFIX_PATH}:/home/addinedu/dev_ws/ros/install/my_tf:/opt/ros/jazzy DEBUGINFOD_URLS=https://debuginfod.ubuntu.com /usr/bin/cmake --install /home/addinedu/dev_ws/ros/build/my_first_package_msgs
